[0.266s] Invoking command in '/home/tvesala/src/ros2/demo1/build/my_cpp_pkg': CMAKE_PREFIX_PATH=${CMAKE_PREFIX_PATH}:/home/tvesala/src/ros2/demo1/install/my_py_pkg:/opt/ros/galactic COMP_WORDBREAKS=
"'><=;|&( WSLENV=ELECTRON_RUN_AS_NODE/w: /usr/bin/cmake --build /home/tvesala/src/ros2/demo1/build/my_cpp_pkg -- -j16 -l16
[0.281s] -- Found ament_cmake: 1.1.6 (/opt/ros/galactic/share/ament_cmake/cmake)
[0.292s] -- Using PYTHON_EXECUTABLE: /home/tvesala/rospython/bin/python3
[0.328s] -- Found rclcpp: 9.2.2 (/opt/ros/galactic/share/rclcpp/cmake)
[0.415s] -- Using all available rosidl_typesupport_c: rosidl_typesupport_fastrtps_c;rosidl_typesupport_introspection_c
[0.417s] -- Found rosidl_adapter: 2.2.3 (/opt/ros/galactic/share/rosidl_adapter/cmake)
[2.559s] -- Using all available rosidl_typesupport_cpp: rosidl_typesupport_fastrtps_cpp;rosidl_typesupport_introspection_cpp
[2.595s] -- Found rmw_implementation_cmake: 3.3.1 (/opt/ros/galactic/share/rmw_implementation_cmake/cmake)
[2.596s] -- Found rmw_cyclonedds_cpp: 0.22.6 (/opt/ros/galactic/share/rmw_cyclonedds_cpp/cmake)
[2.607s] -- Using RMW implementation 'rmw_cyclonedds_cpp' as default
[2.705s] -- Found ament_lint_auto: 0.10.7 (/opt/ros/galactic/share/ament_lint_auto/cmake)
[2.756s] -- Added test 'copyright' to check source files copyright and LICENSE
[2.757s] -- Added test 'cppcheck' to perform static code analysis on C / C++ code
[2.757s] -- Configured cppcheck include dirs: 
[2.757s] -- Configured cppcheck exclude dirs and/or files: 
[2.757s] -- Added test 'cpplint' to check C / C++ code against the Google style
[2.757s] -- Configured cpplint exclude dirs and/or files: 
[2.757s] -- Added test 'lint_cmake' to check CMake code style
[2.758s] -- Added test 'uncrustify' to check C / C++ code style
[2.758s] -- Configured uncrustify additional arguments: 
[2.758s] -- Added test 'xmllint' to check XML markup files
[2.759s] -- Configuring done
[2.764s] -- Generating done
[2.765s] -- Build files have been written to: /home/tvesala/src/ros2/demo1/build/my_cpp_pkg
[2.789s] [ 50%] [32m[1mLinking CXX executable cpp_node[0m
[2.892s] [100%] Built target cpp_node
[2.899s] Invoked command in '/home/tvesala/src/ros2/demo1/build/my_cpp_pkg' returned '0': CMAKE_PREFIX_PATH=${CMAKE_PREFIX_PATH}:/home/tvesala/src/ros2/demo1/install/my_py_pkg:/opt/ros/galactic COMP_WORDBREAKS=
"'><=;|&( WSLENV=ELECTRON_RUN_AS_NODE/w: /usr/bin/cmake --build /home/tvesala/src/ros2/demo1/build/my_cpp_pkg -- -j16 -l16
[2.921s] Invoking command in '/home/tvesala/src/ros2/demo1/build/my_cpp_pkg': CMAKE_PREFIX_PATH=${CMAKE_PREFIX_PATH}:/home/tvesala/src/ros2/demo1/install/my_py_pkg:/opt/ros/galactic COMP_WORDBREAKS=
"'><=;|&( WSLENV=ELECTRON_RUN_AS_NODE/w: /usr/bin/cmake --install /home/tvesala/src/ros2/demo1/build/my_cpp_pkg
[2.925s] -- Install configuration: ""
[2.925s] -- Installing: /home/tvesala/src/ros2/demo1/install/my_cpp_pkg/lib/my_cpp_pkg/cpp_node
[2.926s] -- Set runtime path of "/home/tvesala/src/ros2/demo1/install/my_cpp_pkg/lib/my_cpp_pkg/cpp_node" to ""
[2.926s] -- Up-to-date: /home/tvesala/src/ros2/demo1/install/my_cpp_pkg/share/ament_index/resource_index/package_run_dependencies/my_cpp_pkg
[2.926s] -- Up-to-date: /home/tvesala/src/ros2/demo1/install/my_cpp_pkg/share/ament_index/resource_index/parent_prefix_path/my_cpp_pkg
[2.926s] -- Up-to-date: /home/tvesala/src/ros2/demo1/install/my_cpp_pkg/share/my_cpp_pkg/environment/ament_prefix_path.sh
[2.926s] -- Installing: /home/tvesala/src/ros2/demo1/install/my_cpp_pkg/share/my_cpp_pkg/environment/ament_prefix_path.dsv
[2.926s] -- Up-to-date: /home/tvesala/src/ros2/demo1/install/my_cpp_pkg/share/my_cpp_pkg/environment/path.sh
[2.926s] -- Installing: /home/tvesala/src/ros2/demo1/install/my_cpp_pkg/share/my_cpp_pkg/environment/path.dsv
[2.927s] -- Up-to-date: /home/tvesala/src/ros2/demo1/install/my_cpp_pkg/share/my_cpp_pkg/local_setup.bash
[2.927s] -- Up-to-date: /home/tvesala/src/ros2/demo1/install/my_cpp_pkg/share/my_cpp_pkg/local_setup.sh
[2.927s] -- Up-to-date: /home/tvesala/src/ros2/demo1/install/my_cpp_pkg/share/my_cpp_pkg/local_setup.zsh
[2.927s] -- Installing: /home/tvesala/src/ros2/demo1/install/my_cpp_pkg/share/my_cpp_pkg/local_setup.dsv
[2.927s] -- Installing: /home/tvesala/src/ros2/demo1/install/my_cpp_pkg/share/my_cpp_pkg/package.dsv
[2.927s] -- Up-to-date: /home/tvesala/src/ros2/demo1/install/my_cpp_pkg/share/ament_index/resource_index/packages/my_cpp_pkg
[2.927s] -- Up-to-date: /home/tvesala/src/ros2/demo1/install/my_cpp_pkg/share/my_cpp_pkg/cmake/my_cpp_pkgConfig.cmake
[2.927s] -- Up-to-date: /home/tvesala/src/ros2/demo1/install/my_cpp_pkg/share/my_cpp_pkg/cmake/my_cpp_pkgConfig-version.cmake
[2.927s] -- Up-to-date: /home/tvesala/src/ros2/demo1/install/my_cpp_pkg/share/my_cpp_pkg/package.xml
[2.928s] Invoked command in '/home/tvesala/src/ros2/demo1/build/my_cpp_pkg' returned '0': CMAKE_PREFIX_PATH=${CMAKE_PREFIX_PATH}:/home/tvesala/src/ros2/demo1/install/my_py_pkg:/opt/ros/galactic COMP_WORDBREAKS=
"'><=;|&( WSLENV=ELECTRON_RUN_AS_NODE/w: /usr/bin/cmake --install /home/tvesala/src/ros2/demo1/build/my_cpp_pkg
