[0.941s] Invoking command in '/home/tvesala/src/ros2/demo1/src/my_py_pkg': COMP_WORDBREAKS=
"'><=;|&( PYTHONPATH=/home/tvesala/src/ros2/demo1/build/my_py_pkg/prefix_override:/home/tvesala/src/ros2/demo1/install/my_py_pkg/lib/python3.8/site-packages:${PYTHONPATH} WSLENV=ELECTRON_RUN_AS_NODE/w: /usr/bin/python3 setup.py egg_info --egg-base ../../build/my_py_pkg build --build-base /home/tvesala/src/ros2/demo1/build/my_py_pkg/build install --record /home/tvesala/src/ros2/demo1/build/my_py_pkg/install.log --single-version-externally-managed
[1.076s] running egg_info
[1.076s] writing ../../build/my_py_pkg/my_py_pkg.egg-info/PKG-INFO
[1.077s] writing dependency_links to ../../build/my_py_pkg/my_py_pkg.egg-info/dependency_links.txt
[1.077s] writing entry points to ../../build/my_py_pkg/my_py_pkg.egg-info/entry_points.txt
[1.077s] writing requirements to ../../build/my_py_pkg/my_py_pkg.egg-info/requires.txt
[1.077s] writing top-level names to ../../build/my_py_pkg/my_py_pkg.egg-info/top_level.txt
[1.099s] reading manifest file '../../build/my_py_pkg/my_py_pkg.egg-info/SOURCES.txt'
[1.099s] writing manifest file '../../build/my_py_pkg/my_py_pkg.egg-info/SOURCES.txt'
[1.099s] running build
[1.099s] running build_py
[1.099s] copying my_py_pkg/my_first_node.py -> /home/tvesala/src/ros2/demo1/build/my_py_pkg/build/lib/my_py_pkg
[1.099s] running install
[1.100s] running install_lib
[1.100s] copying /home/tvesala/src/ros2/demo1/build/my_py_pkg/build/lib/my_py_pkg/my_first_node.py -> /home/tvesala/src/ros2/demo1/install/my_py_pkg/lib/python3.8/site-packages/my_py_pkg
[1.101s] byte-compiling /home/tvesala/src/ros2/demo1/install/my_py_pkg/lib/python3.8/site-packages/my_py_pkg/my_first_node.py to my_first_node.cpython-38.pyc
[1.102s] running install_data
[1.102s] running install_egg_info
[1.103s] removing '/home/tvesala/src/ros2/demo1/install/my_py_pkg/lib/python3.8/site-packages/my_py_pkg-0.0.0-py3.8.egg-info' (and everything under it)
[1.103s] Copying ../../build/my_py_pkg/my_py_pkg.egg-info to /home/tvesala/src/ros2/demo1/install/my_py_pkg/lib/python3.8/site-packages/my_py_pkg-0.0.0-py3.8.egg-info
[1.104s] running install_scripts
[1.114s] Installing py_node script to /home/tvesala/src/ros2/demo1/install/my_py_pkg/lib/my_py_pkg
[1.115s] writing list of installed files to '/home/tvesala/src/ros2/demo1/build/my_py_pkg/install.log'
[1.128s] Invoked command in '/home/tvesala/src/ros2/demo1/src/my_py_pkg' returned '0': COMP_WORDBREAKS=
"'><=;|&( PYTHONPATH=/home/tvesala/src/ros2/demo1/build/my_py_pkg/prefix_override:/home/tvesala/src/ros2/demo1/install/my_py_pkg/lib/python3.8/site-packages:${PYTHONPATH} WSLENV=ELECTRON_RUN_AS_NODE/w: /usr/bin/python3 setup.py egg_info --egg-base ../../build/my_py_pkg build --build-base /home/tvesala/src/ros2/demo1/build/my_py_pkg/build install --record /home/tvesala/src/ros2/demo1/build/my_py_pkg/install.log --single-version-externally-managed
