[3.338s] DEBUG:colcon:Command line arguments: ['/usr/bin/colcon', 'build']
[3.338s] DEBUG:colcon:Parsed command line arguments: Namespace(allow_overriding=[], ament_cmake_args=None, base_paths=['.'], build_base='build', catkin_cmake_args=None, catkin_skip_building_tests=False, cmake_args=None, cmake_clean_cache=False, cmake_clean_first=False, cmake_force_configure=False, cmake_target=None, cmake_target_skip_unavailable=False, continue_on_error=False, event_handlers=None, executor='parallel', ignore_user_meta=False, install_base='install', log_base=None, log_level=None, main=<bound method BuildVerb.main of <colcon_core.verb.build.BuildVerb object at 0x7fc735de06d0>>, merge_install=False, metas=['./colcon.meta'], packages_above=None, packages_above_and_dependencies=None, packages_above_depth=None, packages_end=None, packages_ignore=None, packages_ignore_regex=None, packages_select=None, packages_select_build_failed=False, packages_select_by_dep=None, packages_select_regex=None, packages_select_test_failures=False, packages_skip=None, packages_skip_build_finished=False, packages_skip_by_dep=None, packages_skip_regex=None, packages_skip_test_passed=False, packages_skip_up_to=None, packages_start=None, packages_up_to=None, packages_up_to_regex=None, parallel_workers=16, paths=None, symlink_install=False, test_result_base=None, verb_extension=<colcon_core.verb.build.BuildVerb object at 0x7fc735de06d0>, verb_name='build', verb_parser=<colcon_defaults.argument_parser.defaults.DefaultArgumentsDecorator object at 0x7fc735de0d60>)
[3.468s] Level 1:colcon.colcon_core.package_discovery:discover_packages(colcon_meta) check parameters
[3.468s] Level 1:colcon.colcon_core.package_discovery:discover_packages(recursive) check parameters
[3.468s] Level 1:colcon.colcon_core.package_discovery:discover_packages(ignore) check parameters
[3.468s] Level 1:colcon.colcon_core.package_discovery:discover_packages(path) check parameters
[3.468s] Level 1:colcon.colcon_core.package_discovery:discover_packages(colcon_meta) discover
[3.468s] Level 1:colcon.colcon_core.package_discovery:discover_packages(recursive) discover
[3.468s] INFO:colcon.colcon_core.package_discovery:Crawling recursively for packages in '/home/tvesala/src/ros2/demo1'
[3.468s] Level 1:colcon.colcon_core.package_identification:_identify(.) by extensions ['ignore', 'ignore_ament_install']
[3.468s] Level 1:colcon.colcon_core.package_identification:_identify(.) by extension 'ignore'
[3.469s] Level 1:colcon.colcon_core.package_identification:_identify(.) by extension 'ignore_ament_install'
[3.469s] Level 1:colcon.colcon_core.package_identification:_identify(.) by extensions ['colcon_pkg']
[3.469s] Level 1:colcon.colcon_core.package_identification:_identify(.) by extension 'colcon_pkg'
[3.469s] Level 1:colcon.colcon_core.package_identification:_identify(.) by extensions ['colcon_meta']
[3.469s] Level 1:colcon.colcon_core.package_identification:_identify(.) by extension 'colcon_meta'
[3.469s] Level 1:colcon.colcon_core.package_identification:_identify(.) by extensions ['ros']
[3.469s] Level 1:colcon.colcon_core.package_identification:_identify(.) by extension 'ros'
[3.475s] Level 1:colcon.colcon_core.package_identification:_identify(.) by extensions ['cmake', 'python']
[3.475s] Level 1:colcon.colcon_core.package_identification:_identify(.) by extension 'cmake'
[3.475s] Level 1:colcon.colcon_core.package_identification:_identify(.) by extension 'python'
[3.475s] Level 1:colcon.colcon_core.package_identification:_identify(.) by extensions ['python_setup_py']
[3.475s] Level 1:colcon.colcon_core.package_identification:_identify(.) by extension 'python_setup_py'
[3.475s] Level 1:colcon.colcon_core.package_identification:_identify(build) by extensions ['ignore', 'ignore_ament_install']
[3.475s] Level 1:colcon.colcon_core.package_identification:_identify(build) by extension 'ignore'
[3.475s] Level 1:colcon.colcon_core.package_identification:_identify(build) ignored
[3.476s] Level 1:colcon.colcon_core.package_identification:_identify(install) by extensions ['ignore', 'ignore_ament_install']
[3.476s] Level 1:colcon.colcon_core.package_identification:_identify(install) by extension 'ignore'
[3.476s] Level 1:colcon.colcon_core.package_identification:_identify(install) ignored
[3.476s] Level 1:colcon.colcon_core.package_identification:_identify(log) by extensions ['ignore', 'ignore_ament_install']
[3.476s] Level 1:colcon.colcon_core.package_identification:_identify(log) by extension 'ignore'
[3.476s] Level 1:colcon.colcon_core.package_identification:_identify(log) ignored
[3.476s] Level 1:colcon.colcon_core.package_identification:_identify(my_cpp_pkg) by extensions ['ignore', 'ignore_ament_install']
[3.476s] Level 1:colcon.colcon_core.package_identification:_identify(my_cpp_pkg) by extension 'ignore'
[3.476s] Level 1:colcon.colcon_core.package_identification:_identify(my_cpp_pkg) by extension 'ignore_ament_install'
[3.476s] Level 1:colcon.colcon_core.package_identification:_identify(my_cpp_pkg) by extensions ['colcon_pkg']
[3.476s] Level 1:colcon.colcon_core.package_identification:_identify(my_cpp_pkg) by extension 'colcon_pkg'
[3.476s] Level 1:colcon.colcon_core.package_identification:_identify(my_cpp_pkg) by extensions ['colcon_meta']
[3.476s] Level 1:colcon.colcon_core.package_identification:_identify(my_cpp_pkg) by extension 'colcon_meta'
[3.476s] Level 1:colcon.colcon_core.package_identification:_identify(my_cpp_pkg) by extensions ['ros']
[3.476s] Level 1:colcon.colcon_core.package_identification:_identify(my_cpp_pkg) by extension 'ros'
[3.478s] DEBUG:colcon.colcon_core.package_identification:Package 'my_cpp_pkg' with type 'ros.ament_cmake' and name 'my_cpp_pkg'
[3.478s] Level 1:colcon.colcon_core.package_identification:_identify(src) by extensions ['ignore', 'ignore_ament_install']
[3.478s] Level 1:colcon.colcon_core.package_identification:_identify(src) by extension 'ignore'
[3.478s] Level 1:colcon.colcon_core.package_identification:_identify(src) by extension 'ignore_ament_install'
[3.478s] Level 1:colcon.colcon_core.package_identification:_identify(src) by extensions ['colcon_pkg']
[3.478s] Level 1:colcon.colcon_core.package_identification:_identify(src) by extension 'colcon_pkg'
[3.478s] Level 1:colcon.colcon_core.package_identification:_identify(src) by extensions ['colcon_meta']
[3.478s] Level 1:colcon.colcon_core.package_identification:_identify(src) by extension 'colcon_meta'
[3.478s] Level 1:colcon.colcon_core.package_identification:_identify(src) by extensions ['ros']
[3.478s] Level 1:colcon.colcon_core.package_identification:_identify(src) by extension 'ros'
[3.478s] Level 1:colcon.colcon_core.package_identification:_identify(src) by extensions ['cmake', 'python']
[3.478s] Level 1:colcon.colcon_core.package_identification:_identify(src) by extension 'cmake'
[3.478s] Level 1:colcon.colcon_core.package_identification:_identify(src) by extension 'python'
[3.478s] Level 1:colcon.colcon_core.package_identification:_identify(src) by extensions ['python_setup_py']
[3.478s] Level 1:colcon.colcon_core.package_identification:_identify(src) by extension 'python_setup_py'
[3.478s] Level 1:colcon.colcon_core.package_identification:_identify(src/my_py_pkg) by extensions ['ignore', 'ignore_ament_install']
[3.478s] Level 1:colcon.colcon_core.package_identification:_identify(src/my_py_pkg) by extension 'ignore'
[3.478s] Level 1:colcon.colcon_core.package_identification:_identify(src/my_py_pkg) by extension 'ignore_ament_install'
[3.478s] Level 1:colcon.colcon_core.package_identification:_identify(src/my_py_pkg) by extensions ['colcon_pkg']
[3.478s] Level 1:colcon.colcon_core.package_identification:_identify(src/my_py_pkg) by extension 'colcon_pkg'
[3.478s] Level 1:colcon.colcon_core.package_identification:_identify(src/my_py_pkg) by extensions ['colcon_meta']
[3.478s] Level 1:colcon.colcon_core.package_identification:_identify(src/my_py_pkg) by extension 'colcon_meta'
[3.478s] Level 1:colcon.colcon_core.package_identification:_identify(src/my_py_pkg) by extensions ['ros']
[3.478s] Level 1:colcon.colcon_core.package_identification:_identify(src/my_py_pkg) by extension 'ros'
[3.479s] DEBUG:colcon.colcon_core.package_identification:Package 'src/my_py_pkg' with type 'ros.ament_python' and name 'my_py_pkg'
[3.479s] Level 1:colcon.colcon_core.package_discovery:discover_packages(recursive) using defaults
[3.479s] Level 1:colcon.colcon_core.package_discovery:discover_packages(ignore) discover
[3.479s] Level 1:colcon.colcon_core.package_discovery:discover_packages(ignore) using defaults
[3.479s] Level 1:colcon.colcon_core.package_discovery:discover_packages(path) discover
[3.479s] Level 1:colcon.colcon_core.package_discovery:discover_packages(path) using defaults
[3.792s] Level 1:colcon.colcon_core.package_discovery:discover_packages(prefix_path) check parameters
[3.792s] Level 1:colcon.colcon_core.package_discovery:discover_packages(prefix_path) discover
[3.911s] DEBUG:colcon.colcon_installed_package_information.package_discovery:Found 2 installed packages in /home/tvesala/src/ros2/demo1/install
[3.970s] DEBUG:colcon.colcon_installed_package_information.package_discovery:Found 268 installed packages in /opt/ros/galactic
[3.971s] Level 1:colcon.colcon_core.package_discovery:discover_packages(prefix_path) using defaults
[4.135s] Level 5:colcon.colcon_core.verb:set package 'my_cpp_pkg' build argument 'cmake_args' from command line to 'None'
[4.135s] Level 5:colcon.colcon_core.verb:set package 'my_cpp_pkg' build argument 'cmake_target' from command line to 'None'
[4.135s] Level 5:colcon.colcon_core.verb:set package 'my_cpp_pkg' build argument 'cmake_target_skip_unavailable' from command line to 'False'
[4.135s] Level 5:colcon.colcon_core.verb:set package 'my_cpp_pkg' build argument 'cmake_clean_cache' from command line to 'False'
[4.135s] Level 5:colcon.colcon_core.verb:set package 'my_cpp_pkg' build argument 'cmake_clean_first' from command line to 'False'
[4.135s] Level 5:colcon.colcon_core.verb:set package 'my_cpp_pkg' build argument 'cmake_force_configure' from command line to 'False'
[4.135s] Level 5:colcon.colcon_core.verb:set package 'my_cpp_pkg' build argument 'ament_cmake_args' from command line to 'None'
[4.135s] Level 5:colcon.colcon_core.verb:set package 'my_cpp_pkg' build argument 'catkin_cmake_args' from command line to 'None'
[4.135s] Level 5:colcon.colcon_core.verb:set package 'my_cpp_pkg' build argument 'catkin_skip_building_tests' from command line to 'False'
[4.135s] DEBUG:colcon.colcon_core.verb:Building package 'my_cpp_pkg' with the following arguments: {'ament_cmake_args': None, 'build_base': '/home/tvesala/src/ros2/demo1/build/my_cpp_pkg', 'catkin_cmake_args': None, 'catkin_skip_building_tests': False, 'cmake_args': None, 'cmake_clean_cache': False, 'cmake_clean_first': False, 'cmake_force_configure': False, 'cmake_target': None, 'cmake_target_skip_unavailable': False, 'install_base': '/home/tvesala/src/ros2/demo1/install/my_cpp_pkg', 'merge_install': False, 'path': '/home/tvesala/src/ros2/demo1/my_cpp_pkg', 'symlink_install': False, 'test_result_base': None}
[4.206s] Level 5:colcon.colcon_core.verb:set package 'my_py_pkg' build argument 'cmake_args' from command line to 'None'
[4.206s] Level 5:colcon.colcon_core.verb:set package 'my_py_pkg' build argument 'cmake_target' from command line to 'None'
[4.206s] Level 5:colcon.colcon_core.verb:set package 'my_py_pkg' build argument 'cmake_target_skip_unavailable' from command line to 'False'
[4.206s] Level 5:colcon.colcon_core.verb:set package 'my_py_pkg' build argument 'cmake_clean_cache' from command line to 'False'
[4.206s] Level 5:colcon.colcon_core.verb:set package 'my_py_pkg' build argument 'cmake_clean_first' from command line to 'False'
[4.206s] Level 5:colcon.colcon_core.verb:set package 'my_py_pkg' build argument 'cmake_force_configure' from command line to 'False'
[4.206s] Level 5:colcon.colcon_core.verb:set package 'my_py_pkg' build argument 'ament_cmake_args' from command line to 'None'
[4.206s] Level 5:colcon.colcon_core.verb:set package 'my_py_pkg' build argument 'catkin_cmake_args' from command line to 'None'
[4.206s] Level 5:colcon.colcon_core.verb:set package 'my_py_pkg' build argument 'catkin_skip_building_tests' from command line to 'False'
[4.206s] DEBUG:colcon.colcon_core.verb:Building package 'my_py_pkg' with the following arguments: {'ament_cmake_args': None, 'build_base': '/home/tvesala/src/ros2/demo1/build/my_py_pkg', 'catkin_cmake_args': None, 'catkin_skip_building_tests': False, 'cmake_args': None, 'cmake_clean_cache': False, 'cmake_clean_first': False, 'cmake_force_configure': False, 'cmake_target': None, 'cmake_target_skip_unavailable': False, 'install_base': '/home/tvesala/src/ros2/demo1/install/my_py_pkg', 'merge_install': False, 'path': '/home/tvesala/src/ros2/demo1/src/my_py_pkg', 'symlink_install': False, 'test_result_base': None}
[4.266s] INFO:colcon.colcon_core.executor:Executing jobs using 'parallel' executor
[4.325s] DEBUG:colcon.colcon_parallel_executor.executor.parallel:run_until_complete
[4.325s] INFO:colcon.colcon_ros.task.ament_cmake.build:Building ROS package in '/home/tvesala/src/ros2/demo1/my_cpp_pkg' with build type 'ament_cmake'
[4.326s] INFO:colcon.colcon_cmake.task.cmake.build:Building CMake package in '/home/tvesala/src/ros2/demo1/my_cpp_pkg'
[4.390s] INFO:colcon.colcon_core.plugin_system:Skipping extension 'colcon_core.shell.bat': Not used on non-Windows systems
[4.390s] INFO:colcon.colcon_core.shell:Skip shell extension 'powershell' for command environment: Not usable outside of PowerShell
[4.390s] DEBUG:colcon.colcon_core.shell:Skip shell extension 'dsv' for command environment
[4.571s] INFO:colcon.colcon_ros.task.ament_python.build:Building ROS package in '/home/tvesala/src/ros2/demo1/src/my_py_pkg' with build type 'ament_python'
[4.572s] Level 1:colcon.colcon_core.shell:create_environment_hook('my_py_pkg', 'ament_prefix_path')
[4.635s] INFO:colcon.colcon_core.shell:Creating environment hook '/home/tvesala/src/ros2/demo1/install/my_py_pkg/share/my_py_pkg/hook/ament_prefix_path.ps1'
[4.635s] INFO:colcon.colcon_core.shell:Creating environment descriptor '/home/tvesala/src/ros2/demo1/install/my_py_pkg/share/my_py_pkg/hook/ament_prefix_path.dsv'
[4.635s] INFO:colcon.colcon_core.shell:Creating environment hook '/home/tvesala/src/ros2/demo1/install/my_py_pkg/share/my_py_pkg/hook/ament_prefix_path.sh'
[4.696s] INFO:colcon.colcon_core.shell:Skip shell extension 'powershell' for command environment: Not usable outside of PowerShell
[4.696s] DEBUG:colcon.colcon_core.shell:Skip shell extension 'dsv' for command environment
[4.890s] DEBUG:colcon.colcon_core.event_handler.log_command:Invoking command in '/home/tvesala/src/ros2/demo1/build/my_cpp_pkg': CMAKE_PREFIX_PATH=/opt/ros/galactic COMP_WORDBREAKS=
"'><=;|&( WSLENV=ELECTRON_RUN_AS_NODE/w: /usr/bin/cmake /home/tvesala/src/ros2/demo1/my_cpp_pkg -DCMAKE_INSTALL_PREFIX=/home/tvesala/src/ros2/demo1/install/my_cpp_pkg
[5.029s] INFO:colcon.colcon_core.task.python.build:Building Python package in '/home/tvesala/src/ros2/demo1/src/my_py_pkg'
[5.099s] INFO:colcon.colcon_core.shell:Skip shell extension 'powershell' for command environment: Not usable outside of PowerShell
[5.099s] DEBUG:colcon.colcon_core.shell:Skip shell extension 'dsv' for command environment
[5.557s] DEBUG:colcon.colcon_core.event_handler.log_command:Invoking command in '/home/tvesala/src/ros2/demo1/src/my_py_pkg': COMP_WORDBREAKS=
"'><=;|&( PYTHONPATH=/home/tvesala/src/ros2/demo1/build/my_py_pkg/prefix_override:/home/tvesala/src/ros2/demo1/install/my_py_pkg/lib/python3.8/site-packages:${PYTHONPATH} WSLENV=ELECTRON_RUN_AS_NODE/w: /usr/bin/python3 setup.py egg_info --egg-base ../../build/my_py_pkg build --build-base /home/tvesala/src/ros2/demo1/build/my_py_pkg/build install --record /home/tvesala/src/ros2/demo1/build/my_py_pkg/install.log --single-version-externally-managed
[5.738s] DEBUG:colcon.colcon_core.event_handler.log_command:Invoked command in '/home/tvesala/src/ros2/demo1/src/my_py_pkg' returned '0': COMP_WORDBREAKS=
"'><=;|&( PYTHONPATH=/home/tvesala/src/ros2/demo1/build/my_py_pkg/prefix_override:/home/tvesala/src/ros2/demo1/install/my_py_pkg/lib/python3.8/site-packages:${PYTHONPATH} WSLENV=ELECTRON_RUN_AS_NODE/w: /usr/bin/python3 setup.py egg_info --egg-base ../../build/my_py_pkg build --build-base /home/tvesala/src/ros2/demo1/build/my_py_pkg/build install --record /home/tvesala/src/ros2/demo1/build/my_py_pkg/install.log --single-version-externally-managed
[5.804s] Level 1:colcon.colcon_core.environment:checking '/home/tvesala/src/ros2/demo1/install/my_py_pkg' for CMake module files
[5.804s] Level 1:colcon.colcon_core.environment:checking '/home/tvesala/src/ros2/demo1/install/my_py_pkg' for CMake config files
[5.804s] Level 1:colcon.colcon_core.environment:checking '/home/tvesala/src/ros2/demo1/install/my_py_pkg/lib'
[5.805s] Level 1:colcon.colcon_core.environment:checking '/home/tvesala/src/ros2/demo1/install/my_py_pkg/bin'
[5.805s] Level 1:colcon.colcon_core.environment:checking '/home/tvesala/src/ros2/demo1/install/my_py_pkg/lib/pkgconfig/my_py_pkg.pc'
[5.805s] Level 1:colcon.colcon_core.environment:checking '/home/tvesala/src/ros2/demo1/install/my_py_pkg/lib/python3.8/site-packages'
[5.805s] Level 1:colcon.colcon_core.shell:create_environment_hook('my_py_pkg', 'pythonpath')
[5.867s] INFO:colcon.colcon_core.shell:Creating environment hook '/home/tvesala/src/ros2/demo1/install/my_py_pkg/share/my_py_pkg/hook/pythonpath.ps1'
[5.868s] INFO:colcon.colcon_core.shell:Creating environment descriptor '/home/tvesala/src/ros2/demo1/install/my_py_pkg/share/my_py_pkg/hook/pythonpath.dsv'
[5.868s] INFO:colcon.colcon_core.shell:Creating environment hook '/home/tvesala/src/ros2/demo1/install/my_py_pkg/share/my_py_pkg/hook/pythonpath.sh'
[5.869s] Level 1:colcon.colcon_core.environment:checking '/home/tvesala/src/ros2/demo1/install/my_py_pkg/bin'
[5.869s] Level 1:colcon.colcon_core.environment:create_environment_scripts_only(my_py_pkg)
[5.934s] INFO:colcon.colcon_core.shell:Creating package script '/home/tvesala/src/ros2/demo1/install/my_py_pkg/share/my_py_pkg/package.ps1'
[5.935s] INFO:colcon.colcon_core.shell:Creating package descriptor '/home/tvesala/src/ros2/demo1/install/my_py_pkg/share/my_py_pkg/package.dsv'
[5.936s] INFO:colcon.colcon_core.shell:Creating package script '/home/tvesala/src/ros2/demo1/install/my_py_pkg/share/my_py_pkg/package.sh'
[5.936s] INFO:colcon.colcon_core.shell:Creating package script '/home/tvesala/src/ros2/demo1/install/my_py_pkg/share/my_py_pkg/package.bash'
[5.937s] INFO:colcon.colcon_core.shell:Creating package script '/home/tvesala/src/ros2/demo1/install/my_py_pkg/share/my_py_pkg/package.zsh'
[5.937s] Level 1:colcon.colcon_core.environment:create_file_with_runtime_dependencies(/home/tvesala/src/ros2/demo1/install/my_py_pkg/share/colcon-core/packages/my_py_pkg)
[7.207s] DEBUG:colcon.colcon_core.event_handler.log_command:Invoked command in '/home/tvesala/src/ros2/demo1/build/my_cpp_pkg' returned '1': CMAKE_PREFIX_PATH=/opt/ros/galactic COMP_WORDBREAKS=
"'><=;|&( WSLENV=ELECTRON_RUN_AS_NODE/w: /usr/bin/cmake /home/tvesala/src/ros2/demo1/my_cpp_pkg -DCMAKE_INSTALL_PREFIX=/home/tvesala/src/ros2/demo1/install/my_cpp_pkg
[7.214s] Level 1:colcon.colcon_core.environment:create_environment_scripts_only(my_cpp_pkg)
[7.275s] Level 1:colcon.colcon_core.environment:checking '/home/tvesala/src/ros2/demo1/install/my_cpp_pkg' for CMake module files
[7.276s] Level 1:colcon.colcon_core.environment:checking '/home/tvesala/src/ros2/demo1/install/my_cpp_pkg' for CMake config files
[7.276s] Level 1:colcon.colcon_core.environment:checking '/home/tvesala/src/ros2/demo1/install/my_cpp_pkg/bin'
[7.276s] Level 1:colcon.colcon_core.environment:checking '/home/tvesala/src/ros2/demo1/install/my_cpp_pkg/lib/pkgconfig/my_cpp_pkg.pc'
[7.276s] Level 1:colcon.colcon_core.environment:checking '/home/tvesala/src/ros2/demo1/install/my_cpp_pkg/lib/python3.8/site-packages'
[7.276s] Level 1:colcon.colcon_core.environment:checking '/home/tvesala/src/ros2/demo1/install/my_cpp_pkg/bin'
[7.338s] INFO:colcon.colcon_core.shell:Creating package script '/home/tvesala/src/ros2/demo1/install/my_cpp_pkg/share/my_cpp_pkg/package.ps1'
[7.338s] INFO:colcon.colcon_core.shell:Creating package descriptor '/home/tvesala/src/ros2/demo1/install/my_cpp_pkg/share/my_cpp_pkg/package.dsv'
[7.338s] INFO:colcon.colcon_core.shell:Creating package script '/home/tvesala/src/ros2/demo1/install/my_cpp_pkg/share/my_cpp_pkg/package.sh'
[7.339s] INFO:colcon.colcon_core.shell:Creating package script '/home/tvesala/src/ros2/demo1/install/my_cpp_pkg/share/my_cpp_pkg/package.bash'
[7.339s] INFO:colcon.colcon_core.shell:Creating package script '/home/tvesala/src/ros2/demo1/install/my_cpp_pkg/share/my_cpp_pkg/package.zsh'
[7.339s] Level 1:colcon.colcon_core.environment:create_file_with_runtime_dependencies(/home/tvesala/src/ros2/demo1/install/my_cpp_pkg/share/colcon-core/packages/my_cpp_pkg)
[7.349s] DEBUG:colcon.colcon_parallel_executor.executor.parallel:closing loop
[7.350s] DEBUG:colcon.colcon_parallel_executor.executor.parallel:loop closed
[7.350s] DEBUG:colcon.colcon_parallel_executor.executor.parallel:run_until_complete finished with '1'
[7.350s] DEBUG:colcon.colcon_core.event_reactor:joining thread
[7.431s] INFO:colcon.colcon_core.plugin_system:Skipping extension 'colcon_notification.desktop_notification.notify_send': Could not find 'notify-send'
[7.431s] INFO:colcon.colcon_core.plugin_system:Skipping extension 'colcon_notification.desktop_notification.terminal_notifier': Not used on non-Darwin systems
[7.431s] INFO:colcon.colcon_core.plugin_system:Skipping extension 'colcon_notification.desktop_notification.win32': Not used on non-Windows systems
[7.431s] INFO:colcon.colcon_notification.desktop_notification:Sending desktop notification using 'notify2'
[7.435s] DEBUG:colcon.colcon_notification.desktop_notification.notify2:Failed to initialize notify2: org.freedesktop.DBus.Error.ServiceUnknown: The name org.freedesktop.Notifications was not provided by any .service files
[7.435s] DEBUG:colcon.colcon_core.event_reactor:joined thread
[7.498s] INFO:colcon.colcon_core.shell:Creating prefix script '/home/tvesala/src/ros2/demo1/install/local_setup.ps1'
[7.498s] INFO:colcon.colcon_core.shell:Creating prefix util module '/home/tvesala/src/ros2/demo1/install/_local_setup_util_ps1.py'
[7.499s] INFO:colcon.colcon_core.shell:Creating prefix chain script '/home/tvesala/src/ros2/demo1/install/setup.ps1'
[7.559s] INFO:colcon.colcon_core.shell:Creating prefix script '/home/tvesala/src/ros2/demo1/install/local_setup.sh'
[7.559s] INFO:colcon.colcon_core.shell:Creating prefix util module '/home/tvesala/src/ros2/demo1/install/_local_setup_util_sh.py'
[7.559s] INFO:colcon.colcon_core.shell:Creating prefix chain script '/home/tvesala/src/ros2/demo1/install/setup.sh'
[7.620s] INFO:colcon.colcon_core.shell:Creating prefix script '/home/tvesala/src/ros2/demo1/install/local_setup.bash'
[7.620s] INFO:colcon.colcon_core.shell:Creating prefix chain script '/home/tvesala/src/ros2/demo1/install/setup.bash'
[7.681s] INFO:colcon.colcon_core.shell:Creating prefix script '/home/tvesala/src/ros2/demo1/install/local_setup.zsh'
[7.682s] INFO:colcon.colcon_core.shell:Creating prefix chain script '/home/tvesala/src/ros2/demo1/install/setup.zsh'
