[3.457s] DEBUG:colcon:Command line arguments: ['/usr/bin/colcon', 'build', '--packages-select', 'my_cpp_pkg']
[3.457s] DEBUG:colcon:Parsed command line arguments: Namespace(allow_overriding=[], ament_cmake_args=None, base_paths=['.'], build_base='build', catkin_cmake_args=None, catkin_skip_building_tests=False, cmake_args=None, cmake_clean_cache=False, cmake_clean_first=False, cmake_force_configure=False, cmake_target=None, cmake_target_skip_unavailable=False, continue_on_error=False, event_handlers=None, executor='parallel', ignore_user_meta=False, install_base='install', log_base=None, log_level=None, main=<bound method BuildVerb.main of <colcon_core.verb.build.BuildVerb object at 0x7ffbc0ab87c0>>, merge_install=False, metas=['./colcon.meta'], packages_above=None, packages_above_and_dependencies=None, packages_above_depth=None, packages_end=None, packages_ignore=None, packages_ignore_regex=None, packages_select=['my_cpp_pkg'], packages_select_build_failed=False, packages_select_by_dep=None, packages_select_regex=None, packages_select_test_failures=False, packages_skip=None, packages_skip_build_finished=False, packages_skip_by_dep=None, packages_skip_regex=None, packages_skip_test_passed=False, packages_skip_up_to=None, packages_start=None, packages_up_to=None, packages_up_to_regex=None, parallel_workers=16, paths=None, symlink_install=False, test_result_base=None, verb_extension=<colcon_core.verb.build.BuildVerb object at 0x7ffbc0ab87c0>, verb_name='build', verb_parser=<colcon_defaults.argument_parser.defaults.DefaultArgumentsDecorator object at 0x7ffbc0ab89a0>)
[3.591s] Level 1:colcon.colcon_core.package_discovery:discover_packages(colcon_meta) check parameters
[3.591s] Level 1:colcon.colcon_core.package_discovery:discover_packages(recursive) check parameters
[3.591s] Level 1:colcon.colcon_core.package_discovery:discover_packages(ignore) check parameters
[3.591s] Level 1:colcon.colcon_core.package_discovery:discover_packages(path) check parameters
[3.591s] Level 1:colcon.colcon_core.package_discovery:discover_packages(colcon_meta) discover
[3.591s] Level 1:colcon.colcon_core.package_discovery:discover_packages(recursive) discover
[3.591s] INFO:colcon.colcon_core.package_discovery:Crawling recursively for packages in '/home/tvesala/src/ros2/demo1'
[3.591s] Level 1:colcon.colcon_core.package_identification:_identify(.) by extensions ['ignore', 'ignore_ament_install']
[3.591s] Level 1:colcon.colcon_core.package_identification:_identify(.) by extension 'ignore'
[3.591s] Level 1:colcon.colcon_core.package_identification:_identify(.) by extension 'ignore_ament_install'
[3.592s] Level 1:colcon.colcon_core.package_identification:_identify(.) by extensions ['colcon_pkg']
[3.592s] Level 1:colcon.colcon_core.package_identification:_identify(.) by extension 'colcon_pkg'
[3.592s] Level 1:colcon.colcon_core.package_identification:_identify(.) by extensions ['colcon_meta']
[3.592s] Level 1:colcon.colcon_core.package_identification:_identify(.) by extension 'colcon_meta'
[3.592s] Level 1:colcon.colcon_core.package_identification:_identify(.) by extensions ['ros']
[3.592s] Level 1:colcon.colcon_core.package_identification:_identify(.) by extension 'ros'
[3.598s] Level 1:colcon.colcon_core.package_identification:_identify(.) by extensions ['cmake', 'python']
[3.598s] Level 1:colcon.colcon_core.package_identification:_identify(.) by extension 'cmake'
[3.599s] Level 1:colcon.colcon_core.package_identification:_identify(.) by extension 'python'
[3.599s] Level 1:colcon.colcon_core.package_identification:_identify(.) by extensions ['python_setup_py']
[3.599s] Level 1:colcon.colcon_core.package_identification:_identify(.) by extension 'python_setup_py'
[3.599s] Level 1:colcon.colcon_core.package_identification:_identify(build) by extensions ['ignore', 'ignore_ament_install']
[3.599s] Level 1:colcon.colcon_core.package_identification:_identify(build) by extension 'ignore'
[3.599s] Level 1:colcon.colcon_core.package_identification:_identify(build) ignored
[3.599s] Level 1:colcon.colcon_core.package_identification:_identify(install) by extensions ['ignore', 'ignore_ament_install']
[3.599s] Level 1:colcon.colcon_core.package_identification:_identify(install) by extension 'ignore'
[3.599s] Level 1:colcon.colcon_core.package_identification:_identify(install) ignored
[3.599s] Level 1:colcon.colcon_core.package_identification:_identify(log) by extensions ['ignore', 'ignore_ament_install']
[3.599s] Level 1:colcon.colcon_core.package_identification:_identify(log) by extension 'ignore'
[3.599s] Level 1:colcon.colcon_core.package_identification:_identify(log) ignored
[3.599s] Level 1:colcon.colcon_core.package_identification:_identify(my_cpp_pkg) by extensions ['ignore', 'ignore_ament_install']
[3.599s] Level 1:colcon.colcon_core.package_identification:_identify(my_cpp_pkg) by extension 'ignore'
[3.599s] Level 1:colcon.colcon_core.package_identification:_identify(my_cpp_pkg) by extension 'ignore_ament_install'
[3.599s] Level 1:colcon.colcon_core.package_identification:_identify(my_cpp_pkg) by extensions ['colcon_pkg']
[3.599s] Level 1:colcon.colcon_core.package_identification:_identify(my_cpp_pkg) by extension 'colcon_pkg'
[3.599s] Level 1:colcon.colcon_core.package_identification:_identify(my_cpp_pkg) by extensions ['colcon_meta']
[3.599s] Level 1:colcon.colcon_core.package_identification:_identify(my_cpp_pkg) by extension 'colcon_meta'
[3.599s] Level 1:colcon.colcon_core.package_identification:_identify(my_cpp_pkg) by extensions ['ros']
[3.599s] Level 1:colcon.colcon_core.package_identification:_identify(my_cpp_pkg) by extension 'ros'
[3.601s] DEBUG:colcon.colcon_core.package_identification:Package 'my_cpp_pkg' with type 'ros.ament_cmake' and name 'my_cpp_pkg'
[3.601s] Level 1:colcon.colcon_core.package_identification:_identify(src) by extensions ['ignore', 'ignore_ament_install']
[3.601s] Level 1:colcon.colcon_core.package_identification:_identify(src) by extension 'ignore'
[3.601s] Level 1:colcon.colcon_core.package_identification:_identify(src) by extension 'ignore_ament_install'
[3.601s] Level 1:colcon.colcon_core.package_identification:_identify(src) by extensions ['colcon_pkg']
[3.601s] Level 1:colcon.colcon_core.package_identification:_identify(src) by extension 'colcon_pkg'
[3.601s] Level 1:colcon.colcon_core.package_identification:_identify(src) by extensions ['colcon_meta']
[3.601s] Level 1:colcon.colcon_core.package_identification:_identify(src) by extension 'colcon_meta'
[3.602s] Level 1:colcon.colcon_core.package_identification:_identify(src) by extensions ['ros']
[3.602s] Level 1:colcon.colcon_core.package_identification:_identify(src) by extension 'ros'
[3.602s] Level 1:colcon.colcon_core.package_identification:_identify(src) by extensions ['cmake', 'python']
[3.602s] Level 1:colcon.colcon_core.package_identification:_identify(src) by extension 'cmake'
[3.602s] Level 1:colcon.colcon_core.package_identification:_identify(src) by extension 'python'
[3.602s] Level 1:colcon.colcon_core.package_identification:_identify(src) by extensions ['python_setup_py']
[3.602s] Level 1:colcon.colcon_core.package_identification:_identify(src) by extension 'python_setup_py'
[3.602s] Level 1:colcon.colcon_core.package_identification:_identify(src/my_py_pkg) by extensions ['ignore', 'ignore_ament_install']
[3.602s] Level 1:colcon.colcon_core.package_identification:_identify(src/my_py_pkg) by extension 'ignore'
[3.602s] Level 1:colcon.colcon_core.package_identification:_identify(src/my_py_pkg) by extension 'ignore_ament_install'
[3.602s] Level 1:colcon.colcon_core.package_identification:_identify(src/my_py_pkg) by extensions ['colcon_pkg']
[3.602s] Level 1:colcon.colcon_core.package_identification:_identify(src/my_py_pkg) by extension 'colcon_pkg'
[3.602s] Level 1:colcon.colcon_core.package_identification:_identify(src/my_py_pkg) by extensions ['colcon_meta']
[3.602s] Level 1:colcon.colcon_core.package_identification:_identify(src/my_py_pkg) by extension 'colcon_meta'
[3.602s] Level 1:colcon.colcon_core.package_identification:_identify(src/my_py_pkg) by extensions ['ros']
[3.602s] Level 1:colcon.colcon_core.package_identification:_identify(src/my_py_pkg) by extension 'ros'
[3.602s] DEBUG:colcon.colcon_core.package_identification:Package 'src/my_py_pkg' with type 'ros.ament_python' and name 'my_py_pkg'
[3.602s] Level 1:colcon.colcon_core.package_discovery:discover_packages(recursive) using defaults
[3.602s] Level 1:colcon.colcon_core.package_discovery:discover_packages(ignore) discover
[3.602s] Level 1:colcon.colcon_core.package_discovery:discover_packages(ignore) using defaults
[3.602s] Level 1:colcon.colcon_core.package_discovery:discover_packages(path) discover
[3.602s] Level 1:colcon.colcon_core.package_discovery:discover_packages(path) using defaults
[3.803s] INFO:colcon.colcon_core.package_selection:Skipping not selected package 'my_py_pkg' in 'src/my_py_pkg'
[3.929s] Level 1:colcon.colcon_core.package_discovery:discover_packages(prefix_path) check parameters
[3.929s] Level 1:colcon.colcon_core.package_discovery:discover_packages(prefix_path) discover
[4.056s] DEBUG:colcon.colcon_installed_package_information.package_discovery:Found 2 installed packages in /home/tvesala/src/ros2/demo1/install
[4.118s] DEBUG:colcon.colcon_installed_package_information.package_discovery:Found 268 installed packages in /opt/ros/galactic
[4.119s] Level 1:colcon.colcon_core.package_discovery:discover_packages(prefix_path) using defaults
[4.288s] Level 5:colcon.colcon_core.verb:set package 'my_cpp_pkg' build argument 'cmake_args' from command line to 'None'
[4.288s] Level 5:colcon.colcon_core.verb:set package 'my_cpp_pkg' build argument 'cmake_target' from command line to 'None'
[4.288s] Level 5:colcon.colcon_core.verb:set package 'my_cpp_pkg' build argument 'cmake_target_skip_unavailable' from command line to 'False'
[4.288s] Level 5:colcon.colcon_core.verb:set package 'my_cpp_pkg' build argument 'cmake_clean_cache' from command line to 'False'
[4.288s] Level 5:colcon.colcon_core.verb:set package 'my_cpp_pkg' build argument 'cmake_clean_first' from command line to 'False'
[4.288s] Level 5:colcon.colcon_core.verb:set package 'my_cpp_pkg' build argument 'cmake_force_configure' from command line to 'False'
[4.288s] Level 5:colcon.colcon_core.verb:set package 'my_cpp_pkg' build argument 'ament_cmake_args' from command line to 'None'
[4.288s] Level 5:colcon.colcon_core.verb:set package 'my_cpp_pkg' build argument 'catkin_cmake_args' from command line to 'None'
[4.288s] Level 5:colcon.colcon_core.verb:set package 'my_cpp_pkg' build argument 'catkin_skip_building_tests' from command line to 'False'
[4.288s] DEBUG:colcon.colcon_core.verb:Building package 'my_cpp_pkg' with the following arguments: {'ament_cmake_args': None, 'build_base': '/home/tvesala/src/ros2/demo1/build/my_cpp_pkg', 'catkin_cmake_args': None, 'catkin_skip_building_tests': False, 'cmake_args': None, 'cmake_clean_cache': False, 'cmake_clean_first': False, 'cmake_force_configure': False, 'cmake_target': None, 'cmake_target_skip_unavailable': False, 'install_base': '/home/tvesala/src/ros2/demo1/install/my_cpp_pkg', 'merge_install': False, 'path': '/home/tvesala/src/ros2/demo1/my_cpp_pkg', 'symlink_install': False, 'test_result_base': None}
[4.357s] INFO:colcon.colcon_core.executor:Executing jobs using 'parallel' executor
[4.418s] DEBUG:colcon.colcon_parallel_executor.executor.parallel:run_until_complete
[4.418s] INFO:colcon.colcon_ros.task.ament_cmake.build:Building ROS package in '/home/tvesala/src/ros2/demo1/my_cpp_pkg' with build type 'ament_cmake'
[4.418s] INFO:colcon.colcon_cmake.task.cmake.build:Building CMake package in '/home/tvesala/src/ros2/demo1/my_cpp_pkg'
[4.483s] INFO:colcon.colcon_core.plugin_system:Skipping extension 'colcon_core.shell.bat': Not used on non-Windows systems
[4.483s] INFO:colcon.colcon_core.shell:Skip shell extension 'powershell' for command environment: Not usable outside of PowerShell
[4.483s] DEBUG:colcon.colcon_core.shell:Skip shell extension 'dsv' for command environment
[4.682s] DEBUG:colcon.colcon_core.event_handler.log_command:Invoking command in '/home/tvesala/src/ros2/demo1/build/my_cpp_pkg': CMAKE_PREFIX_PATH=${CMAKE_PREFIX_PATH}:/home/tvesala/src/ros2/demo1/install/my_py_pkg:/opt/ros/galactic COMP_WORDBREAKS=
"'><=;|&( WSLENV=ELECTRON_RUN_AS_NODE/w: /usr/bin/cmake --build /home/tvesala/src/ros2/demo1/build/my_cpp_pkg -- -j16 -l16
[9.175s] DEBUG:colcon.colcon_core.event_handler.log_command:Invoked command in '/home/tvesala/src/ros2/demo1/build/my_cpp_pkg' returned '0': CMAKE_PREFIX_PATH=${CMAKE_PREFIX_PATH}:/home/tvesala/src/ros2/demo1/install/my_py_pkg:/opt/ros/galactic COMP_WORDBREAKS=
"'><=;|&( WSLENV=ELECTRON_RUN_AS_NODE/w: /usr/bin/cmake --build /home/tvesala/src/ros2/demo1/build/my_cpp_pkg -- -j16 -l16
[9.196s] DEBUG:colcon.colcon_core.event_handler.log_command:Invoking command in '/home/tvesala/src/ros2/demo1/build/my_cpp_pkg': CMAKE_PREFIX_PATH=${CMAKE_PREFIX_PATH}:/home/tvesala/src/ros2/demo1/install/my_py_pkg:/opt/ros/galactic COMP_WORDBREAKS=
"'><=;|&( WSLENV=ELECTRON_RUN_AS_NODE/w: /usr/bin/cmake --install /home/tvesala/src/ros2/demo1/build/my_cpp_pkg
[9.202s] Level 1:colcon.colcon_core.environment:create_environment_scripts_only(my_cpp_pkg)
[9.203s] DEBUG:colcon.colcon_core.event_handler.log_command:Invoked command in '/home/tvesala/src/ros2/demo1/build/my_cpp_pkg' returned '0': CMAKE_PREFIX_PATH=${CMAKE_PREFIX_PATH}:/home/tvesala/src/ros2/demo1/install/my_py_pkg:/opt/ros/galactic COMP_WORDBREAKS=
"'><=;|&( WSLENV=ELECTRON_RUN_AS_NODE/w: /usr/bin/cmake --install /home/tvesala/src/ros2/demo1/build/my_cpp_pkg
[9.273s] Level 1:colcon.colcon_core.environment:checking '/home/tvesala/src/ros2/demo1/install/my_cpp_pkg' for CMake module files
[9.273s] Level 1:colcon.colcon_core.environment:checking '/home/tvesala/src/ros2/demo1/install/my_cpp_pkg' for CMake config files
[9.273s] Level 1:colcon.colcon_core.shell:create_environment_hook('my_cpp_pkg', 'cmake_prefix_path')
[9.337s] INFO:colcon.colcon_core.shell:Creating environment hook '/home/tvesala/src/ros2/demo1/install/my_cpp_pkg/share/my_cpp_pkg/hook/cmake_prefix_path.ps1'
[9.337s] INFO:colcon.colcon_core.shell:Creating environment descriptor '/home/tvesala/src/ros2/demo1/install/my_cpp_pkg/share/my_cpp_pkg/hook/cmake_prefix_path.dsv'
[9.338s] INFO:colcon.colcon_core.shell:Creating environment hook '/home/tvesala/src/ros2/demo1/install/my_cpp_pkg/share/my_cpp_pkg/hook/cmake_prefix_path.sh'
[9.338s] Level 1:colcon.colcon_core.environment:checking '/home/tvesala/src/ros2/demo1/install/my_cpp_pkg/bin'
[9.339s] Level 1:colcon.colcon_core.environment:checking '/home/tvesala/src/ros2/demo1/install/my_cpp_pkg/lib/pkgconfig/my_cpp_pkg.pc'
[9.339s] Level 1:colcon.colcon_core.environment:checking '/home/tvesala/src/ros2/demo1/install/my_cpp_pkg/lib/python3.8/site-packages'
[9.339s] Level 1:colcon.colcon_core.environment:checking '/home/tvesala/src/ros2/demo1/install/my_cpp_pkg/bin'
[9.402s] INFO:colcon.colcon_core.shell:Creating package script '/home/tvesala/src/ros2/demo1/install/my_cpp_pkg/share/my_cpp_pkg/package.ps1'
[9.403s] INFO:colcon.colcon_core.shell:Creating package descriptor '/home/tvesala/src/ros2/demo1/install/my_cpp_pkg/share/my_cpp_pkg/package.dsv'
[9.403s] INFO:colcon.colcon_core.shell:Creating package script '/home/tvesala/src/ros2/demo1/install/my_cpp_pkg/share/my_cpp_pkg/package.sh'
[9.404s] INFO:colcon.colcon_core.shell:Creating package script '/home/tvesala/src/ros2/demo1/install/my_cpp_pkg/share/my_cpp_pkg/package.bash'
[9.404s] INFO:colcon.colcon_core.shell:Creating package script '/home/tvesala/src/ros2/demo1/install/my_cpp_pkg/share/my_cpp_pkg/package.zsh'
[9.405s] Level 1:colcon.colcon_core.environment:create_file_with_runtime_dependencies(/home/tvesala/src/ros2/demo1/install/my_cpp_pkg/share/colcon-core/packages/my_cpp_pkg)
[9.483s] Level 1:colcon.colcon_core.environment:create_environment_scripts_only(my_cpp_pkg)
[9.547s] Level 1:colcon.colcon_core.environment:checking '/home/tvesala/src/ros2/demo1/install/my_cpp_pkg' for CMake module files
[9.548s] Level 1:colcon.colcon_core.environment:checking '/home/tvesala/src/ros2/demo1/install/my_cpp_pkg' for CMake config files
[9.548s] Level 1:colcon.colcon_core.shell:create_environment_hook('my_cpp_pkg', 'cmake_prefix_path')
[9.610s] INFO:colcon.colcon_core.shell:Creating environment hook '/home/tvesala/src/ros2/demo1/install/my_cpp_pkg/share/my_cpp_pkg/hook/cmake_prefix_path.ps1'
[9.611s] INFO:colcon.colcon_core.shell:Creating environment descriptor '/home/tvesala/src/ros2/demo1/install/my_cpp_pkg/share/my_cpp_pkg/hook/cmake_prefix_path.dsv'
[9.611s] INFO:colcon.colcon_core.shell:Creating environment hook '/home/tvesala/src/ros2/demo1/install/my_cpp_pkg/share/my_cpp_pkg/hook/cmake_prefix_path.sh'
[9.611s] Level 1:colcon.colcon_core.environment:checking '/home/tvesala/src/ros2/demo1/install/my_cpp_pkg/bin'
[9.611s] Level 1:colcon.colcon_core.environment:checking '/home/tvesala/src/ros2/demo1/install/my_cpp_pkg/lib/pkgconfig/my_cpp_pkg.pc'
[9.612s] Level 1:colcon.colcon_core.environment:checking '/home/tvesala/src/ros2/demo1/install/my_cpp_pkg/lib/python3.8/site-packages'
[9.612s] Level 1:colcon.colcon_core.environment:checking '/home/tvesala/src/ros2/demo1/install/my_cpp_pkg/bin'
[9.676s] INFO:colcon.colcon_core.shell:Creating package script '/home/tvesala/src/ros2/demo1/install/my_cpp_pkg/share/my_cpp_pkg/package.ps1'
[9.677s] INFO:colcon.colcon_core.shell:Creating package descriptor '/home/tvesala/src/ros2/demo1/install/my_cpp_pkg/share/my_cpp_pkg/package.dsv'
[9.677s] INFO:colcon.colcon_core.shell:Creating package script '/home/tvesala/src/ros2/demo1/install/my_cpp_pkg/share/my_cpp_pkg/package.sh'
[9.677s] INFO:colcon.colcon_core.shell:Creating package script '/home/tvesala/src/ros2/demo1/install/my_cpp_pkg/share/my_cpp_pkg/package.bash'
[9.677s] INFO:colcon.colcon_core.shell:Creating package script '/home/tvesala/src/ros2/demo1/install/my_cpp_pkg/share/my_cpp_pkg/package.zsh'
[9.678s] Level 1:colcon.colcon_core.environment:create_file_with_runtime_dependencies(/home/tvesala/src/ros2/demo1/install/my_cpp_pkg/share/colcon-core/packages/my_cpp_pkg)
[9.678s] DEBUG:colcon.colcon_parallel_executor.executor.parallel:closing loop
[9.678s] DEBUG:colcon.colcon_parallel_executor.executor.parallel:loop closed
[9.679s] DEBUG:colcon.colcon_parallel_executor.executor.parallel:run_until_complete finished with '0'
[9.679s] DEBUG:colcon.colcon_core.event_reactor:joining thread
[9.764s] INFO:colcon.colcon_core.plugin_system:Skipping extension 'colcon_notification.desktop_notification.notify_send': Could not find 'notify-send'
[9.764s] INFO:colcon.colcon_core.plugin_system:Skipping extension 'colcon_notification.desktop_notification.terminal_notifier': Not used on non-Darwin systems
[9.764s] INFO:colcon.colcon_core.plugin_system:Skipping extension 'colcon_notification.desktop_notification.win32': Not used on non-Windows systems
[9.764s] INFO:colcon.colcon_notification.desktop_notification:Sending desktop notification using 'notify2'
[9.768s] DEBUG:colcon.colcon_notification.desktop_notification.notify2:Failed to initialize notify2: org.freedesktop.DBus.Error.ServiceUnknown: The name org.freedesktop.Notifications was not provided by any .service files
[9.768s] DEBUG:colcon.colcon_core.event_reactor:joined thread
[9.832s] INFO:colcon.colcon_core.shell:Creating prefix script '/home/tvesala/src/ros2/demo1/install/local_setup.ps1'
[9.833s] INFO:colcon.colcon_core.shell:Creating prefix util module '/home/tvesala/src/ros2/demo1/install/_local_setup_util_ps1.py'
[9.834s] INFO:colcon.colcon_core.shell:Creating prefix chain script '/home/tvesala/src/ros2/demo1/install/setup.ps1'
[9.897s] INFO:colcon.colcon_core.shell:Creating prefix script '/home/tvesala/src/ros2/demo1/install/local_setup.sh'
[9.898s] INFO:colcon.colcon_core.shell:Creating prefix util module '/home/tvesala/src/ros2/demo1/install/_local_setup_util_sh.py'
[9.898s] INFO:colcon.colcon_core.shell:Creating prefix chain script '/home/tvesala/src/ros2/demo1/install/setup.sh'
[9.962s] INFO:colcon.colcon_core.shell:Creating prefix script '/home/tvesala/src/ros2/demo1/install/local_setup.bash'
[9.962s] INFO:colcon.colcon_core.shell:Creating prefix chain script '/home/tvesala/src/ros2/demo1/install/setup.bash'
[10.027s] INFO:colcon.colcon_core.shell:Creating prefix script '/home/tvesala/src/ros2/demo1/install/local_setup.zsh'
[10.027s] INFO:colcon.colcon_core.shell:Creating prefix chain script '/home/tvesala/src/ros2/demo1/install/setup.zsh'
