[0.977s] Invoking command in '/home/tvesala/src/ros2/demo1/src/my_py_pkg': COMP_WORDBREAKS=
"'><=;|&( PYTHONPATH=/home/tvesala/src/ros2/demo1/build/my_py_pkg/prefix_override:/home/tvesala/src/ros2/demo1/install/my_py_pkg/lib/python3.8/site-packages:${PYTHONPATH} WSLENV=ELECTRON_RUN_AS_NODE/w: /usr/bin/python3 setup.py egg_info --egg-base ../../build/my_py_pkg build --build-base /home/tvesala/src/ros2/demo1/build/my_py_pkg/build install --record /home/tvesala/src/ros2/demo1/build/my_py_pkg/install.log --single-version-externally-managed
[1.106s] running egg_info
[1.106s] writing ../../build/my_py_pkg/my_py_pkg.egg-info/PKG-INFO
[1.106s] writing dependency_links to ../../build/my_py_pkg/my_py_pkg.egg-info/dependency_links.txt
[1.106s] writing entry points to ../../build/my_py_pkg/my_py_pkg.egg-info/entry_points.txt
[1.107s] writing requirements to ../../build/my_py_pkg/my_py_pkg.egg-info/requires.txt
[1.107s] writing top-level names to ../../build/my_py_pkg/my_py_pkg.egg-info/top_level.txt
[1.129s] reading manifest file '../../build/my_py_pkg/my_py_pkg.egg-info/SOURCES.txt'
[1.129s] writing manifest file '../../build/my_py_pkg/my_py_pkg.egg-info/SOURCES.txt'
[1.129s] running build
[1.129s] running build_py
[1.130s] running install
[1.130s] running install_lib
[1.131s] running install_data
[1.131s] running install_egg_info
[1.132s] removing '/home/tvesala/src/ros2/demo1/install/my_py_pkg/lib/python3.8/site-packages/my_py_pkg-0.0.0-py3.8.egg-info' (and everything under it)
[1.132s] Copying ../../build/my_py_pkg/my_py_pkg.egg-info to /home/tvesala/src/ros2/demo1/install/my_py_pkg/lib/python3.8/site-packages/my_py_pkg-0.0.0-py3.8.egg-info
[1.133s] running install_scripts
[1.143s] writing list of installed files to '/home/tvesala/src/ros2/demo1/build/my_py_pkg/install.log'
[1.157s] Invoked command in '/home/tvesala/src/ros2/demo1/src/my_py_pkg' returned '0': COMP_WORDBREAKS=
"'><=;|&( PYTHONPATH=/home/tvesala/src/ros2/demo1/build/my_py_pkg/prefix_override:/home/tvesala/src/ros2/demo1/install/my_py_pkg/lib/python3.8/site-packages:${PYTHONPATH} WSLENV=ELECTRON_RUN_AS_NODE/w: /usr/bin/python3 setup.py egg_info --egg-base ../../build/my_py_pkg build --build-base /home/tvesala/src/ros2/demo1/build/my_py_pkg/build install --record /home/tvesala/src/ros2/demo1/build/my_py_pkg/install.log --single-version-externally-managed
