[3.394s] DEBUG:colcon:Command line arguments: ['/usr/bin/colcon', 'build']
[3.395s] DEBUG:colcon:Parsed command line arguments: Namespace(allow_overriding=[], ament_cmake_args=None, base_paths=['.'], build_base='build', catkin_cmake_args=None, catkin_skip_building_tests=False, cmake_args=None, cmake_clean_cache=False, cmake_clean_first=False, cmake_force_configure=False, cmake_target=None, cmake_target_skip_unavailable=False, continue_on_error=False, event_handlers=None, executor='parallel', ignore_user_meta=False, install_base='install', log_base=None, log_level=None, main=<bound method BuildVerb.main of <colcon_core.verb.build.BuildVerb object at 0x7fcdf3760820>>, merge_install=False, metas=['./colcon.meta'], packages_above=None, packages_above_and_dependencies=None, packages_above_depth=None, packages_end=None, packages_ignore=None, packages_ignore_regex=None, packages_select=None, packages_select_build_failed=False, packages_select_by_dep=None, packages_select_regex=None, packages_select_test_failures=False, packages_skip=None, packages_skip_build_finished=False, packages_skip_by_dep=None, packages_skip_regex=None, packages_skip_test_passed=False, packages_skip_up_to=None, packages_start=None, packages_up_to=None, packages_up_to_regex=None, parallel_workers=16, paths=None, symlink_install=False, test_result_base=None, verb_extension=<colcon_core.verb.build.BuildVerb object at 0x7fcdf3760820>, verb_name='build', verb_parser=<colcon_defaults.argument_parser.defaults.DefaultArgumentsDecorator object at 0x7fcdf3760ee0>)
[3.538s] Level 1:colcon.colcon_core.package_discovery:discover_packages(colcon_meta) check parameters
[3.539s] Level 1:colcon.colcon_core.package_discovery:discover_packages(recursive) check parameters
[3.539s] Level 1:colcon.colcon_core.package_discovery:discover_packages(ignore) check parameters
[3.539s] Level 1:colcon.colcon_core.package_discovery:discover_packages(path) check parameters
[3.539s] Level 1:colcon.colcon_core.package_discovery:discover_packages(colcon_meta) discover
[3.539s] Level 1:colcon.colcon_core.package_discovery:discover_packages(recursive) discover
[3.539s] INFO:colcon.colcon_core.package_discovery:Crawling recursively for packages in '/home/tvesala/src/ros2/demo1'
[3.539s] Level 1:colcon.colcon_core.package_identification:_identify(.) by extensions ['ignore', 'ignore_ament_install']
[3.539s] Level 1:colcon.colcon_core.package_identification:_identify(.) by extension 'ignore'
[3.539s] Level 1:colcon.colcon_core.package_identification:_identify(.) by extension 'ignore_ament_install'
[3.539s] Level 1:colcon.colcon_core.package_identification:_identify(.) by extensions ['colcon_pkg']
[3.539s] Level 1:colcon.colcon_core.package_identification:_identify(.) by extension 'colcon_pkg'
[3.539s] Level 1:colcon.colcon_core.package_identification:_identify(.) by extensions ['colcon_meta']
[3.539s] Level 1:colcon.colcon_core.package_identification:_identify(.) by extension 'colcon_meta'
[3.539s] Level 1:colcon.colcon_core.package_identification:_identify(.) by extensions ['ros']
[3.539s] Level 1:colcon.colcon_core.package_identification:_identify(.) by extension 'ros'
[3.545s] Level 1:colcon.colcon_core.package_identification:_identify(.) by extensions ['cmake', 'python']
[3.545s] Level 1:colcon.colcon_core.package_identification:_identify(.) by extension 'cmake'
[3.545s] Level 1:colcon.colcon_core.package_identification:_identify(.) by extension 'python'
[3.545s] Level 1:colcon.colcon_core.package_identification:_identify(.) by extensions ['python_setup_py']
[3.545s] Level 1:colcon.colcon_core.package_identification:_identify(.) by extension 'python_setup_py'
[3.546s] Level 1:colcon.colcon_core.package_identification:_identify(build) by extensions ['ignore', 'ignore_ament_install']
[3.546s] Level 1:colcon.colcon_core.package_identification:_identify(build) by extension 'ignore'
[3.546s] Level 1:colcon.colcon_core.package_identification:_identify(build) ignored
[3.546s] Level 1:colcon.colcon_core.package_identification:_identify(install) by extensions ['ignore', 'ignore_ament_install']
[3.546s] Level 1:colcon.colcon_core.package_identification:_identify(install) by extension 'ignore'
[3.546s] Level 1:colcon.colcon_core.package_identification:_identify(install) ignored
[3.546s] Level 1:colcon.colcon_core.package_identification:_identify(log) by extensions ['ignore', 'ignore_ament_install']
[3.546s] Level 1:colcon.colcon_core.package_identification:_identify(log) by extension 'ignore'
[3.546s] Level 1:colcon.colcon_core.package_identification:_identify(log) ignored
[3.546s] Level 1:colcon.colcon_core.package_identification:_identify(src) by extensions ['ignore', 'ignore_ament_install']
[3.546s] Level 1:colcon.colcon_core.package_identification:_identify(src) by extension 'ignore'
[3.546s] Level 1:colcon.colcon_core.package_identification:_identify(src) by extension 'ignore_ament_install'
[3.546s] Level 1:colcon.colcon_core.package_identification:_identify(src) by extensions ['colcon_pkg']
[3.546s] Level 1:colcon.colcon_core.package_identification:_identify(src) by extension 'colcon_pkg'
[3.546s] Level 1:colcon.colcon_core.package_identification:_identify(src) by extensions ['colcon_meta']
[3.546s] Level 1:colcon.colcon_core.package_identification:_identify(src) by extension 'colcon_meta'
[3.546s] Level 1:colcon.colcon_core.package_identification:_identify(src) by extensions ['ros']
[3.546s] Level 1:colcon.colcon_core.package_identification:_identify(src) by extension 'ros'
[3.546s] Level 1:colcon.colcon_core.package_identification:_identify(src) by extensions ['cmake', 'python']
[3.546s] Level 1:colcon.colcon_core.package_identification:_identify(src) by extension 'cmake'
[3.547s] Level 1:colcon.colcon_core.package_identification:_identify(src) by extension 'python'
[3.547s] Level 1:colcon.colcon_core.package_identification:_identify(src) by extensions ['python_setup_py']
[3.547s] Level 1:colcon.colcon_core.package_identification:_identify(src) by extension 'python_setup_py'
[3.547s] Level 1:colcon.colcon_core.package_identification:_identify(src/my_py_pkg) by extensions ['ignore', 'ignore_ament_install']
[3.547s] Level 1:colcon.colcon_core.package_identification:_identify(src/my_py_pkg) by extension 'ignore'
[3.547s] Level 1:colcon.colcon_core.package_identification:_identify(src/my_py_pkg) by extension 'ignore_ament_install'
[3.547s] Level 1:colcon.colcon_core.package_identification:_identify(src/my_py_pkg) by extensions ['colcon_pkg']
[3.547s] Level 1:colcon.colcon_core.package_identification:_identify(src/my_py_pkg) by extension 'colcon_pkg'
[3.547s] Level 1:colcon.colcon_core.package_identification:_identify(src/my_py_pkg) by extensions ['colcon_meta']
[3.547s] Level 1:colcon.colcon_core.package_identification:_identify(src/my_py_pkg) by extension 'colcon_meta'
[3.547s] Level 1:colcon.colcon_core.package_identification:_identify(src/my_py_pkg) by extensions ['ros']
[3.547s] Level 1:colcon.colcon_core.package_identification:_identify(src/my_py_pkg) by extension 'ros'
[3.549s] DEBUG:colcon.colcon_core.package_identification:Package 'src/my_py_pkg' with type 'ros.ament_python' and name 'my_py_pkg'
[3.549s] Level 1:colcon.colcon_core.package_discovery:discover_packages(recursive) using defaults
[3.549s] Level 1:colcon.colcon_core.package_discovery:discover_packages(ignore) discover
[3.549s] Level 1:colcon.colcon_core.package_discovery:discover_packages(ignore) using defaults
[3.549s] Level 1:colcon.colcon_core.package_discovery:discover_packages(path) discover
[3.549s] Level 1:colcon.colcon_core.package_discovery:discover_packages(path) using defaults
[3.864s] Level 1:colcon.colcon_core.package_discovery:discover_packages(prefix_path) check parameters
[3.864s] Level 1:colcon.colcon_core.package_discovery:discover_packages(prefix_path) discover
[3.989s] DEBUG:colcon.colcon_installed_package_information.package_discovery:Found 0 installed packages in /home/tvesala/src/ros2/demo1/install
[4.050s] DEBUG:colcon.colcon_installed_package_information.package_discovery:Found 268 installed packages in /opt/ros/galactic
[4.051s] Level 1:colcon.colcon_core.package_discovery:discover_packages(prefix_path) using defaults
[4.271s] Level 5:colcon.colcon_core.verb:set package 'my_py_pkg' build argument 'cmake_args' from command line to 'None'
[4.271s] Level 5:colcon.colcon_core.verb:set package 'my_py_pkg' build argument 'cmake_target' from command line to 'None'
[4.271s] Level 5:colcon.colcon_core.verb:set package 'my_py_pkg' build argument 'cmake_target_skip_unavailable' from command line to 'False'
[4.271s] Level 5:colcon.colcon_core.verb:set package 'my_py_pkg' build argument 'cmake_clean_cache' from command line to 'False'
[4.271s] Level 5:colcon.colcon_core.verb:set package 'my_py_pkg' build argument 'cmake_clean_first' from command line to 'False'
[4.271s] Level 5:colcon.colcon_core.verb:set package 'my_py_pkg' build argument 'cmake_force_configure' from command line to 'False'
[4.271s] Level 5:colcon.colcon_core.verb:set package 'my_py_pkg' build argument 'ament_cmake_args' from command line to 'None'
[4.271s] Level 5:colcon.colcon_core.verb:set package 'my_py_pkg' build argument 'catkin_cmake_args' from command line to 'None'
[4.271s] Level 5:colcon.colcon_core.verb:set package 'my_py_pkg' build argument 'catkin_skip_building_tests' from command line to 'False'
[4.271s] DEBUG:colcon.colcon_core.verb:Building package 'my_py_pkg' with the following arguments: {'ament_cmake_args': None, 'build_base': '/home/tvesala/src/ros2/demo1/build/my_py_pkg', 'catkin_cmake_args': None, 'catkin_skip_building_tests': False, 'cmake_args': None, 'cmake_clean_cache': False, 'cmake_clean_first': False, 'cmake_force_configure': False, 'cmake_target': None, 'cmake_target_skip_unavailable': False, 'install_base': '/home/tvesala/src/ros2/demo1/install/my_py_pkg', 'merge_install': False, 'path': '/home/tvesala/src/ros2/demo1/src/my_py_pkg', 'symlink_install': False, 'test_result_base': None}
[4.340s] INFO:colcon.colcon_core.executor:Executing jobs using 'parallel' executor
[4.400s] DEBUG:colcon.colcon_parallel_executor.executor.parallel:run_until_complete
[4.400s] INFO:colcon.colcon_ros.task.ament_python.build:Building ROS package in '/home/tvesala/src/ros2/demo1/src/my_py_pkg' with build type 'ament_python'
[4.401s] Level 1:colcon.colcon_core.shell:create_environment_hook('my_py_pkg', 'ament_prefix_path')
[4.466s] INFO:colcon.colcon_core.plugin_system:Skipping extension 'colcon_core.shell.bat': Not used on non-Windows systems
[4.466s] INFO:colcon.colcon_core.shell:Creating environment hook '/home/tvesala/src/ros2/demo1/install/my_py_pkg/share/my_py_pkg/hook/ament_prefix_path.ps1'
[4.468s] INFO:colcon.colcon_core.shell:Creating environment descriptor '/home/tvesala/src/ros2/demo1/install/my_py_pkg/share/my_py_pkg/hook/ament_prefix_path.dsv'
[4.468s] INFO:colcon.colcon_core.shell:Creating environment hook '/home/tvesala/src/ros2/demo1/install/my_py_pkg/share/my_py_pkg/hook/ament_prefix_path.sh'
[4.530s] INFO:colcon.colcon_core.shell:Skip shell extension 'powershell' for command environment: Not usable outside of PowerShell
[4.530s] DEBUG:colcon.colcon_core.shell:Skip shell extension 'dsv' for command environment
[4.854s] INFO:colcon.colcon_core.task.python.build:Building Python package in '/home/tvesala/src/ros2/demo1/src/my_py_pkg'
[4.919s] INFO:colcon.colcon_core.shell:Skip shell extension 'powershell' for command environment: Not usable outside of PowerShell
[4.919s] DEBUG:colcon.colcon_core.shell:Skip shell extension 'dsv' for command environment
[5.384s] DEBUG:colcon.colcon_core.event_handler.log_command:Invoking command in '/home/tvesala/src/ros2/demo1/src/my_py_pkg': COMP_WORDBREAKS=
"'><=;|&( PYTHONPATH=/home/tvesala/src/ros2/demo1/build/my_py_pkg/prefix_override:/home/tvesala/src/ros2/demo1/install/my_py_pkg/lib/python3.8/site-packages:${PYTHONPATH} WSLENV=ELECTRON_RUN_AS_NODE/w: /usr/bin/python3 setup.py egg_info --egg-base ../../build/my_py_pkg build --build-base /home/tvesala/src/ros2/demo1/build/my_py_pkg/build install --record /home/tvesala/src/ros2/demo1/build/my_py_pkg/install.log --single-version-externally-managed
[5.561s] DEBUG:colcon.colcon_core.event_handler.log_command:Invoked command in '/home/tvesala/src/ros2/demo1/src/my_py_pkg' returned '0': COMP_WORDBREAKS=
"'><=;|&( PYTHONPATH=/home/tvesala/src/ros2/demo1/build/my_py_pkg/prefix_override:/home/tvesala/src/ros2/demo1/install/my_py_pkg/lib/python3.8/site-packages:${PYTHONPATH} WSLENV=ELECTRON_RUN_AS_NODE/w: /usr/bin/python3 setup.py egg_info --egg-base ../../build/my_py_pkg build --build-base /home/tvesala/src/ros2/demo1/build/my_py_pkg/build install --record /home/tvesala/src/ros2/demo1/build/my_py_pkg/install.log --single-version-externally-managed
[5.629s] Level 1:colcon.colcon_core.environment:checking '/home/tvesala/src/ros2/demo1/install/my_py_pkg' for CMake module files
[5.630s] Level 1:colcon.colcon_core.environment:checking '/home/tvesala/src/ros2/demo1/install/my_py_pkg' for CMake config files
[5.630s] Level 1:colcon.colcon_core.environment:checking '/home/tvesala/src/ros2/demo1/install/my_py_pkg/lib'
[5.630s] Level 1:colcon.colcon_core.environment:checking '/home/tvesala/src/ros2/demo1/install/my_py_pkg/bin'
[5.630s] Level 1:colcon.colcon_core.environment:checking '/home/tvesala/src/ros2/demo1/install/my_py_pkg/lib/pkgconfig/my_py_pkg.pc'
[5.631s] Level 1:colcon.colcon_core.environment:checking '/home/tvesala/src/ros2/demo1/install/my_py_pkg/lib/python3.8/site-packages'
[5.631s] Level 1:colcon.colcon_core.shell:create_environment_hook('my_py_pkg', 'pythonpath')
[5.691s] INFO:colcon.colcon_core.shell:Creating environment hook '/home/tvesala/src/ros2/demo1/install/my_py_pkg/share/my_py_pkg/hook/pythonpath.ps1'
[5.691s] INFO:colcon.colcon_core.shell:Creating environment descriptor '/home/tvesala/src/ros2/demo1/install/my_py_pkg/share/my_py_pkg/hook/pythonpath.dsv'
[5.691s] INFO:colcon.colcon_core.shell:Creating environment hook '/home/tvesala/src/ros2/demo1/install/my_py_pkg/share/my_py_pkg/hook/pythonpath.sh'
[5.692s] Level 1:colcon.colcon_core.environment:checking '/home/tvesala/src/ros2/demo1/install/my_py_pkg/bin'
[5.692s] Level 1:colcon.colcon_core.environment:create_environment_scripts_only(my_py_pkg)
[5.753s] INFO:colcon.colcon_core.shell:Creating package script '/home/tvesala/src/ros2/demo1/install/my_py_pkg/share/my_py_pkg/package.ps1'
[5.754s] INFO:colcon.colcon_core.shell:Creating package descriptor '/home/tvesala/src/ros2/demo1/install/my_py_pkg/share/my_py_pkg/package.dsv'
[5.755s] INFO:colcon.colcon_core.shell:Creating package script '/home/tvesala/src/ros2/demo1/install/my_py_pkg/share/my_py_pkg/package.sh'
[5.755s] INFO:colcon.colcon_core.shell:Creating package script '/home/tvesala/src/ros2/demo1/install/my_py_pkg/share/my_py_pkg/package.bash'
[5.756s] INFO:colcon.colcon_core.shell:Creating package script '/home/tvesala/src/ros2/demo1/install/my_py_pkg/share/my_py_pkg/package.zsh'
[5.757s] Level 1:colcon.colcon_core.environment:create_file_with_runtime_dependencies(/home/tvesala/src/ros2/demo1/install/my_py_pkg/share/colcon-core/packages/my_py_pkg)
[5.758s] DEBUG:colcon.colcon_parallel_executor.executor.parallel:closing loop
[5.758s] DEBUG:colcon.colcon_parallel_executor.executor.parallel:loop closed
[5.758s] DEBUG:colcon.colcon_parallel_executor.executor.parallel:run_until_complete finished with '0'
[5.759s] DEBUG:colcon.colcon_core.event_reactor:joining thread
[5.842s] INFO:colcon.colcon_core.plugin_system:Skipping extension 'colcon_notification.desktop_notification.notify_send': Could not find 'notify-send'
[5.842s] INFO:colcon.colcon_core.plugin_system:Skipping extension 'colcon_notification.desktop_notification.terminal_notifier': Not used on non-Darwin systems
[5.842s] INFO:colcon.colcon_core.plugin_system:Skipping extension 'colcon_notification.desktop_notification.win32': Not used on non-Windows systems
[5.842s] INFO:colcon.colcon_notification.desktop_notification:Sending desktop notification using 'notify2'
[5.846s] DEBUG:colcon.colcon_notification.desktop_notification.notify2:Failed to initialize notify2: org.freedesktop.DBus.Error.ServiceUnknown: The name org.freedesktop.Notifications was not provided by any .service files
[5.846s] DEBUG:colcon.colcon_core.event_reactor:joined thread
[5.908s] INFO:colcon.colcon_core.shell:Creating prefix script '/home/tvesala/src/ros2/demo1/install/local_setup.ps1'
[5.909s] INFO:colcon.colcon_core.shell:Creating prefix util module '/home/tvesala/src/ros2/demo1/install/_local_setup_util_ps1.py'
[5.910s] INFO:colcon.colcon_core.shell:Creating prefix chain script '/home/tvesala/src/ros2/demo1/install/setup.ps1'
[5.970s] INFO:colcon.colcon_core.shell:Creating prefix script '/home/tvesala/src/ros2/demo1/install/local_setup.sh'
[5.971s] INFO:colcon.colcon_core.shell:Creating prefix util module '/home/tvesala/src/ros2/demo1/install/_local_setup_util_sh.py'
[5.971s] INFO:colcon.colcon_core.shell:Creating prefix chain script '/home/tvesala/src/ros2/demo1/install/setup.sh'
[6.033s] INFO:colcon.colcon_core.shell:Creating prefix script '/home/tvesala/src/ros2/demo1/install/local_setup.bash'
[6.034s] INFO:colcon.colcon_core.shell:Creating prefix chain script '/home/tvesala/src/ros2/demo1/install/setup.bash'
[6.094s] INFO:colcon.colcon_core.shell:Creating prefix script '/home/tvesala/src/ros2/demo1/install/local_setup.zsh'
[6.094s] INFO:colcon.colcon_core.shell:Creating prefix chain script '/home/tvesala/src/ros2/demo1/install/setup.zsh'
