[0.984s] Invoking command in '/home/tvesala/src/ros2/demo1/src/my_py_pkg': COMP_WORDBREAKS=
"'><=;|&( PYTHONPATH=/home/tvesala/src/ros2/demo1/build/my_py_pkg/prefix_override:/home/tvesala/src/ros2/demo1/install/my_py_pkg/lib/python3.8/site-packages:${PYTHONPATH} WSLENV=ELECTRON_RUN_AS_NODE/w: /usr/bin/python3 setup.py egg_info --egg-base ../../build/my_py_pkg build --build-base /home/tvesala/src/ros2/demo1/build/my_py_pkg/build install --record /home/tvesala/src/ros2/demo1/build/my_py_pkg/install.log --single-version-externally-managed
[1.110s] running egg_info
[1.110s] creating ../../build/my_py_pkg/my_py_pkg.egg-info
[1.110s] writing ../../build/my_py_pkg/my_py_pkg.egg-info/PKG-INFO
[1.110s] writing dependency_links to ../../build/my_py_pkg/my_py_pkg.egg-info/dependency_links.txt
[1.110s] writing entry points to ../../build/my_py_pkg/my_py_pkg.egg-info/entry_points.txt
[1.111s] writing requirements to ../../build/my_py_pkg/my_py_pkg.egg-info/requires.txt
[1.111s] writing top-level names to ../../build/my_py_pkg/my_py_pkg.egg-info/top_level.txt
[1.113s] writing manifest file '../../build/my_py_pkg/my_py_pkg.egg-info/SOURCES.txt'
[1.132s] reading manifest file '../../build/my_py_pkg/my_py_pkg.egg-info/SOURCES.txt'
[1.133s] writing manifest file '../../build/my_py_pkg/my_py_pkg.egg-info/SOURCES.txt'
[1.133s] running build
[1.133s] running build_py
[1.133s] creating /home/tvesala/src/ros2/demo1/build/my_py_pkg/build
[1.133s] creating /home/tvesala/src/ros2/demo1/build/my_py_pkg/build/lib
[1.133s] creating /home/tvesala/src/ros2/demo1/build/my_py_pkg/build/lib/my_py_pkg
[1.133s] copying my_py_pkg/__init__.py -> /home/tvesala/src/ros2/demo1/build/my_py_pkg/build/lib/my_py_pkg
[1.133s] running install
[1.134s] running install_lib
[1.134s] creating /home/tvesala/src/ros2/demo1/install/my_py_pkg/lib/python3.8/site-packages/my_py_pkg
[1.134s] copying /home/tvesala/src/ros2/demo1/build/my_py_pkg/build/lib/my_py_pkg/__init__.py -> /home/tvesala/src/ros2/demo1/install/my_py_pkg/lib/python3.8/site-packages/my_py_pkg
[1.135s] byte-compiling /home/tvesala/src/ros2/demo1/install/my_py_pkg/lib/python3.8/site-packages/my_py_pkg/__init__.py to __init__.cpython-38.pyc
[1.135s] running install_data
[1.136s] creating /home/tvesala/src/ros2/demo1/install/my_py_pkg/share/ament_index
[1.136s] creating /home/tvesala/src/ros2/demo1/install/my_py_pkg/share/ament_index/resource_index
[1.136s] creating /home/tvesala/src/ros2/demo1/install/my_py_pkg/share/ament_index/resource_index/packages
[1.136s] copying resource/my_py_pkg -> /home/tvesala/src/ros2/demo1/install/my_py_pkg/share/ament_index/resource_index/packages
[1.136s] copying package.xml -> /home/tvesala/src/ros2/demo1/install/my_py_pkg/share/my_py_pkg
[1.136s] running install_egg_info
[1.137s] Copying ../../build/my_py_pkg/my_py_pkg.egg-info to /home/tvesala/src/ros2/demo1/install/my_py_pkg/lib/python3.8/site-packages/my_py_pkg-0.0.0-py3.8.egg-info
[1.138s] running install_scripts
[1.148s] writing list of installed files to '/home/tvesala/src/ros2/demo1/build/my_py_pkg/install.log'
[1.160s] Invoked command in '/home/tvesala/src/ros2/demo1/src/my_py_pkg' returned '0': COMP_WORDBREAKS=
"'><=;|&( PYTHONPATH=/home/tvesala/src/ros2/demo1/build/my_py_pkg/prefix_override:/home/tvesala/src/ros2/demo1/install/my_py_pkg/lib/python3.8/site-packages:${PYTHONPATH} WSLENV=ELECTRON_RUN_AS_NODE/w: /usr/bin/python3 setup.py egg_info --egg-base ../../build/my_py_pkg build --build-base /home/tvesala/src/ros2/demo1/build/my_py_pkg/build install --record /home/tvesala/src/ros2/demo1/build/my_py_pkg/install.log --single-version-externally-managed
