[3.356s] DEBUG:colcon:Command line arguments: ['/usr/bin/colcon', 'build']
[3.356s] DEBUG:colcon:Parsed command line arguments: Namespace(allow_overriding=[], ament_cmake_args=None, base_paths=['.'], build_base='build', catkin_cmake_args=None, catkin_skip_building_tests=False, cmake_args=None, cmake_clean_cache=False, cmake_clean_first=False, cmake_force_configure=False, cmake_target=None, cmake_target_skip_unavailable=False, continue_on_error=False, event_handlers=None, executor='parallel', ignore_user_meta=False, install_base='install', log_base=None, log_level=None, main=<bound method BuildVerb.main of <colcon_core.verb.build.BuildVerb object at 0x7f8efd7197f0>>, merge_install=False, metas=['./colcon.meta'], packages_above=None, packages_above_and_dependencies=None, packages_above_depth=None, packages_end=None, packages_ignore=None, packages_ignore_regex=None, packages_select=None, packages_select_build_failed=False, packages_select_by_dep=None, packages_select_regex=None, packages_select_test_failures=False, packages_skip=None, packages_skip_build_finished=False, packages_skip_by_dep=None, packages_skip_regex=None, packages_skip_test_passed=False, packages_skip_up_to=None, packages_start=None, packages_up_to=None, packages_up_to_regex=None, parallel_workers=16, paths=None, symlink_install=False, test_result_base=None, verb_extension=<colcon_core.verb.build.BuildVerb object at 0x7f8efd7197f0>, verb_name='build', verb_parser=<colcon_defaults.argument_parser.defaults.DefaultArgumentsDecorator object at 0x7f8efd719eb0>)
[3.489s] Level 1:colcon.colcon_core.package_discovery:discover_packages(colcon_meta) check parameters
[3.489s] Level 1:colcon.colcon_core.package_discovery:discover_packages(recursive) check parameters
[3.489s] Level 1:colcon.colcon_core.package_discovery:discover_packages(ignore) check parameters
[3.489s] Level 1:colcon.colcon_core.package_discovery:discover_packages(path) check parameters
[3.489s] Level 1:colcon.colcon_core.package_discovery:discover_packages(colcon_meta) discover
[3.489s] Level 1:colcon.colcon_core.package_discovery:discover_packages(recursive) discover
[3.489s] INFO:colcon.colcon_core.package_discovery:Crawling recursively for packages in '/home/tvesala/src/ros2/demo1'
[3.489s] Level 1:colcon.colcon_core.package_identification:_identify(.) by extensions ['ignore', 'ignore_ament_install']
[3.490s] Level 1:colcon.colcon_core.package_identification:_identify(.) by extension 'ignore'
[3.490s] Level 1:colcon.colcon_core.package_identification:_identify(.) by extension 'ignore_ament_install'
[3.490s] Level 1:colcon.colcon_core.package_identification:_identify(.) by extensions ['colcon_pkg']
[3.490s] Level 1:colcon.colcon_core.package_identification:_identify(.) by extension 'colcon_pkg'
[3.490s] Level 1:colcon.colcon_core.package_identification:_identify(.) by extensions ['colcon_meta']
[3.490s] Level 1:colcon.colcon_core.package_identification:_identify(.) by extension 'colcon_meta'
[3.490s] Level 1:colcon.colcon_core.package_identification:_identify(.) by extensions ['ros']
[3.490s] Level 1:colcon.colcon_core.package_identification:_identify(.) by extension 'ros'
[3.496s] Level 1:colcon.colcon_core.package_identification:_identify(.) by extensions ['cmake', 'python']
[3.496s] Level 1:colcon.colcon_core.package_identification:_identify(.) by extension 'cmake'
[3.496s] Level 1:colcon.colcon_core.package_identification:_identify(.) by extension 'python'
[3.496s] Level 1:colcon.colcon_core.package_identification:_identify(.) by extensions ['python_setup_py']
[3.496s] Level 1:colcon.colcon_core.package_identification:_identify(.) by extension 'python_setup_py'
[3.496s] Level 1:colcon.colcon_core.package_identification:_identify(build) by extensions ['ignore', 'ignore_ament_install']
[3.496s] Level 1:colcon.colcon_core.package_identification:_identify(build) by extension 'ignore'
[3.496s] Level 1:colcon.colcon_core.package_identification:_identify(build) ignored
[3.497s] Level 1:colcon.colcon_core.package_identification:_identify(install) by extensions ['ignore', 'ignore_ament_install']
[3.497s] Level 1:colcon.colcon_core.package_identification:_identify(install) by extension 'ignore'
[3.497s] Level 1:colcon.colcon_core.package_identification:_identify(install) ignored
[3.497s] Level 1:colcon.colcon_core.package_identification:_identify(log) by extensions ['ignore', 'ignore_ament_install']
[3.497s] Level 1:colcon.colcon_core.package_identification:_identify(log) by extension 'ignore'
[3.497s] Level 1:colcon.colcon_core.package_identification:_identify(log) ignored
[3.497s] Level 1:colcon.colcon_core.package_identification:_identify(my_cpp_pkg) by extensions ['ignore', 'ignore_ament_install']
[3.497s] Level 1:colcon.colcon_core.package_identification:_identify(my_cpp_pkg) by extension 'ignore'
[3.497s] Level 1:colcon.colcon_core.package_identification:_identify(my_cpp_pkg) by extension 'ignore_ament_install'
[3.497s] Level 1:colcon.colcon_core.package_identification:_identify(my_cpp_pkg) by extensions ['colcon_pkg']
[3.497s] Level 1:colcon.colcon_core.package_identification:_identify(my_cpp_pkg) by extension 'colcon_pkg'
[3.497s] Level 1:colcon.colcon_core.package_identification:_identify(my_cpp_pkg) by extensions ['colcon_meta']
[3.497s] Level 1:colcon.colcon_core.package_identification:_identify(my_cpp_pkg) by extension 'colcon_meta'
[3.497s] Level 1:colcon.colcon_core.package_identification:_identify(my_cpp_pkg) by extensions ['ros']
[3.497s] Level 1:colcon.colcon_core.package_identification:_identify(my_cpp_pkg) by extension 'ros'
[3.499s] DEBUG:colcon.colcon_core.package_identification:Package 'my_cpp_pkg' with type 'ros.ament_cmake' and name 'my_cpp_pkg'
[3.499s] Level 1:colcon.colcon_core.package_identification:_identify(src) by extensions ['ignore', 'ignore_ament_install']
[3.499s] Level 1:colcon.colcon_core.package_identification:_identify(src) by extension 'ignore'
[3.499s] Level 1:colcon.colcon_core.package_identification:_identify(src) by extension 'ignore_ament_install'
[3.499s] Level 1:colcon.colcon_core.package_identification:_identify(src) by extensions ['colcon_pkg']
[3.499s] Level 1:colcon.colcon_core.package_identification:_identify(src) by extension 'colcon_pkg'
[3.499s] Level 1:colcon.colcon_core.package_identification:_identify(src) by extensions ['colcon_meta']
[3.499s] Level 1:colcon.colcon_core.package_identification:_identify(src) by extension 'colcon_meta'
[3.499s] Level 1:colcon.colcon_core.package_identification:_identify(src) by extensions ['ros']
[3.499s] Level 1:colcon.colcon_core.package_identification:_identify(src) by extension 'ros'
[3.499s] Level 1:colcon.colcon_core.package_identification:_identify(src) by extensions ['cmake', 'python']
[3.499s] Level 1:colcon.colcon_core.package_identification:_identify(src) by extension 'cmake'
[3.499s] Level 1:colcon.colcon_core.package_identification:_identify(src) by extension 'python'
[3.499s] Level 1:colcon.colcon_core.package_identification:_identify(src) by extensions ['python_setup_py']
[3.499s] Level 1:colcon.colcon_core.package_identification:_identify(src) by extension 'python_setup_py'
[3.499s] Level 1:colcon.colcon_core.package_identification:_identify(src/my_py_pkg) by extensions ['ignore', 'ignore_ament_install']
[3.499s] Level 1:colcon.colcon_core.package_identification:_identify(src/my_py_pkg) by extension 'ignore'
[3.500s] Level 1:colcon.colcon_core.package_identification:_identify(src/my_py_pkg) by extension 'ignore_ament_install'
[3.500s] Level 1:colcon.colcon_core.package_identification:_identify(src/my_py_pkg) by extensions ['colcon_pkg']
[3.500s] Level 1:colcon.colcon_core.package_identification:_identify(src/my_py_pkg) by extension 'colcon_pkg'
[3.500s] Level 1:colcon.colcon_core.package_identification:_identify(src/my_py_pkg) by extensions ['colcon_meta']
[3.500s] Level 1:colcon.colcon_core.package_identification:_identify(src/my_py_pkg) by extension 'colcon_meta'
[3.500s] Level 1:colcon.colcon_core.package_identification:_identify(src/my_py_pkg) by extensions ['ros']
[3.500s] Level 1:colcon.colcon_core.package_identification:_identify(src/my_py_pkg) by extension 'ros'
[3.500s] DEBUG:colcon.colcon_core.package_identification:Package 'src/my_py_pkg' with type 'ros.ament_python' and name 'my_py_pkg'
[3.500s] Level 1:colcon.colcon_core.package_discovery:discover_packages(recursive) using defaults
[3.500s] Level 1:colcon.colcon_core.package_discovery:discover_packages(ignore) discover
[3.500s] Level 1:colcon.colcon_core.package_discovery:discover_packages(ignore) using defaults
[3.500s] Level 1:colcon.colcon_core.package_discovery:discover_packages(path) discover
[3.500s] Level 1:colcon.colcon_core.package_discovery:discover_packages(path) using defaults
[3.818s] Level 1:colcon.colcon_core.package_discovery:discover_packages(prefix_path) check parameters
[3.818s] Level 1:colcon.colcon_core.package_discovery:discover_packages(prefix_path) discover
[3.941s] DEBUG:colcon.colcon_installed_package_information.package_discovery:Found 2 installed packages in /home/tvesala/src/ros2/demo1/install
[4.002s] DEBUG:colcon.colcon_installed_package_information.package_discovery:Found 268 installed packages in /opt/ros/galactic
[4.003s] Level 1:colcon.colcon_core.package_discovery:discover_packages(prefix_path) using defaults
[4.171s] Level 5:colcon.colcon_core.verb:set package 'my_cpp_pkg' build argument 'cmake_args' from command line to 'None'
[4.171s] Level 5:colcon.colcon_core.verb:set package 'my_cpp_pkg' build argument 'cmake_target' from command line to 'None'
[4.171s] Level 5:colcon.colcon_core.verb:set package 'my_cpp_pkg' build argument 'cmake_target_skip_unavailable' from command line to 'False'
[4.171s] Level 5:colcon.colcon_core.verb:set package 'my_cpp_pkg' build argument 'cmake_clean_cache' from command line to 'False'
[4.171s] Level 5:colcon.colcon_core.verb:set package 'my_cpp_pkg' build argument 'cmake_clean_first' from command line to 'False'
[4.171s] Level 5:colcon.colcon_core.verb:set package 'my_cpp_pkg' build argument 'cmake_force_configure' from command line to 'False'
[4.171s] Level 5:colcon.colcon_core.verb:set package 'my_cpp_pkg' build argument 'ament_cmake_args' from command line to 'None'
[4.171s] Level 5:colcon.colcon_core.verb:set package 'my_cpp_pkg' build argument 'catkin_cmake_args' from command line to 'None'
[4.171s] Level 5:colcon.colcon_core.verb:set package 'my_cpp_pkg' build argument 'catkin_skip_building_tests' from command line to 'False'
[4.171s] DEBUG:colcon.colcon_core.verb:Building package 'my_cpp_pkg' with the following arguments: {'ament_cmake_args': None, 'build_base': '/home/tvesala/src/ros2/demo1/build/my_cpp_pkg', 'catkin_cmake_args': None, 'catkin_skip_building_tests': False, 'cmake_args': None, 'cmake_clean_cache': False, 'cmake_clean_first': False, 'cmake_force_configure': False, 'cmake_target': None, 'cmake_target_skip_unavailable': False, 'install_base': '/home/tvesala/src/ros2/demo1/install/my_cpp_pkg', 'merge_install': False, 'path': '/home/tvesala/src/ros2/demo1/my_cpp_pkg', 'symlink_install': False, 'test_result_base': None}
[4.239s] Level 5:colcon.colcon_core.verb:set package 'my_py_pkg' build argument 'cmake_args' from command line to 'None'
[4.239s] Level 5:colcon.colcon_core.verb:set package 'my_py_pkg' build argument 'cmake_target' from command line to 'None'
[4.239s] Level 5:colcon.colcon_core.verb:set package 'my_py_pkg' build argument 'cmake_target_skip_unavailable' from command line to 'False'
[4.239s] Level 5:colcon.colcon_core.verb:set package 'my_py_pkg' build argument 'cmake_clean_cache' from command line to 'False'
[4.240s] Level 5:colcon.colcon_core.verb:set package 'my_py_pkg' build argument 'cmake_clean_first' from command line to 'False'
[4.240s] Level 5:colcon.colcon_core.verb:set package 'my_py_pkg' build argument 'cmake_force_configure' from command line to 'False'
[4.240s] Level 5:colcon.colcon_core.verb:set package 'my_py_pkg' build argument 'ament_cmake_args' from command line to 'None'
[4.240s] Level 5:colcon.colcon_core.verb:set package 'my_py_pkg' build argument 'catkin_cmake_args' from command line to 'None'
[4.240s] Level 5:colcon.colcon_core.verb:set package 'my_py_pkg' build argument 'catkin_skip_building_tests' from command line to 'False'
[4.240s] DEBUG:colcon.colcon_core.verb:Building package 'my_py_pkg' with the following arguments: {'ament_cmake_args': None, 'build_base': '/home/tvesala/src/ros2/demo1/build/my_py_pkg', 'catkin_cmake_args': None, 'catkin_skip_building_tests': False, 'cmake_args': None, 'cmake_clean_cache': False, 'cmake_clean_first': False, 'cmake_force_configure': False, 'cmake_target': None, 'cmake_target_skip_unavailable': False, 'install_base': '/home/tvesala/src/ros2/demo1/install/my_py_pkg', 'merge_install': False, 'path': '/home/tvesala/src/ros2/demo1/src/my_py_pkg', 'symlink_install': False, 'test_result_base': None}
[4.299s] INFO:colcon.colcon_core.executor:Executing jobs using 'parallel' executor
[4.359s] DEBUG:colcon.colcon_parallel_executor.executor.parallel:run_until_complete
[4.360s] INFO:colcon.colcon_ros.task.ament_cmake.build:Building ROS package in '/home/tvesala/src/ros2/demo1/my_cpp_pkg' with build type 'ament_cmake'
[4.360s] INFO:colcon.colcon_cmake.task.cmake.build:Building CMake package in '/home/tvesala/src/ros2/demo1/my_cpp_pkg'
[4.423s] INFO:colcon.colcon_core.plugin_system:Skipping extension 'colcon_core.shell.bat': Not used on non-Windows systems
[4.424s] INFO:colcon.colcon_core.shell:Skip shell extension 'powershell' for command environment: Not usable outside of PowerShell
[4.424s] DEBUG:colcon.colcon_core.shell:Skip shell extension 'dsv' for command environment
[4.612s] INFO:colcon.colcon_ros.task.ament_python.build:Building ROS package in '/home/tvesala/src/ros2/demo1/src/my_py_pkg' with build type 'ament_python'
[4.612s] Level 1:colcon.colcon_core.shell:create_environment_hook('my_py_pkg', 'ament_prefix_path')
[4.674s] INFO:colcon.colcon_core.shell:Creating environment hook '/home/tvesala/src/ros2/demo1/install/my_py_pkg/share/my_py_pkg/hook/ament_prefix_path.ps1'
[4.675s] INFO:colcon.colcon_core.shell:Creating environment descriptor '/home/tvesala/src/ros2/demo1/install/my_py_pkg/share/my_py_pkg/hook/ament_prefix_path.dsv'
[4.675s] INFO:colcon.colcon_core.shell:Creating environment hook '/home/tvesala/src/ros2/demo1/install/my_py_pkg/share/my_py_pkg/hook/ament_prefix_path.sh'
[4.736s] INFO:colcon.colcon_core.shell:Skip shell extension 'powershell' for command environment: Not usable outside of PowerShell
[4.736s] DEBUG:colcon.colcon_core.shell:Skip shell extension 'dsv' for command environment
[4.928s] DEBUG:colcon.colcon_core.event_handler.log_command:Invoking command in '/home/tvesala/src/ros2/demo1/build/my_cpp_pkg': CMAKE_PREFIX_PATH=/opt/ros/galactic COMP_WORDBREAKS=
"'><=;|&( WSLENV=ELECTRON_RUN_AS_NODE/w: /usr/bin/cmake /home/tvesala/src/ros2/demo1/my_cpp_pkg -DCMAKE_INSTALL_PREFIX=/home/tvesala/src/ros2/demo1/install/my_cpp_pkg
[5.061s] INFO:colcon.colcon_core.task.python.build:Building Python package in '/home/tvesala/src/ros2/demo1/src/my_py_pkg'
[5.126s] INFO:colcon.colcon_core.shell:Skip shell extension 'powershell' for command environment: Not usable outside of PowerShell
[5.127s] DEBUG:colcon.colcon_core.shell:Skip shell extension 'dsv' for command environment
[5.559s] DEBUG:colcon.colcon_core.event_handler.log_command:Invoking command in '/home/tvesala/src/ros2/demo1/src/my_py_pkg': COMP_WORDBREAKS=
"'><=;|&( PYTHONPATH=/home/tvesala/src/ros2/demo1/build/my_py_pkg/prefix_override:/home/tvesala/src/ros2/demo1/install/my_py_pkg/lib/python3.8/site-packages:${PYTHONPATH} WSLENV=ELECTRON_RUN_AS_NODE/w: /usr/bin/python3 setup.py egg_info --egg-base ../../build/my_py_pkg build --build-base /home/tvesala/src/ros2/demo1/build/my_py_pkg/build install --record /home/tvesala/src/ros2/demo1/build/my_py_pkg/install.log --single-version-externally-managed
[5.740s] DEBUG:colcon.colcon_core.event_handler.log_command:Invoked command in '/home/tvesala/src/ros2/demo1/src/my_py_pkg' returned '0': COMP_WORDBREAKS=
"'><=;|&( PYTHONPATH=/home/tvesala/src/ros2/demo1/build/my_py_pkg/prefix_override:/home/tvesala/src/ros2/demo1/install/my_py_pkg/lib/python3.8/site-packages:${PYTHONPATH} WSLENV=ELECTRON_RUN_AS_NODE/w: /usr/bin/python3 setup.py egg_info --egg-base ../../build/my_py_pkg build --build-base /home/tvesala/src/ros2/demo1/build/my_py_pkg/build install --record /home/tvesala/src/ros2/demo1/build/my_py_pkg/install.log --single-version-externally-managed
[5.804s] Level 1:colcon.colcon_core.environment:checking '/home/tvesala/src/ros2/demo1/install/my_py_pkg' for CMake module files
[5.805s] Level 1:colcon.colcon_core.environment:checking '/home/tvesala/src/ros2/demo1/install/my_py_pkg' for CMake config files
[5.805s] Level 1:colcon.colcon_core.environment:checking '/home/tvesala/src/ros2/demo1/install/my_py_pkg/lib'
[5.805s] Level 1:colcon.colcon_core.environment:checking '/home/tvesala/src/ros2/demo1/install/my_py_pkg/bin'
[5.805s] Level 1:colcon.colcon_core.environment:checking '/home/tvesala/src/ros2/demo1/install/my_py_pkg/lib/pkgconfig/my_py_pkg.pc'
[5.806s] Level 1:colcon.colcon_core.environment:checking '/home/tvesala/src/ros2/demo1/install/my_py_pkg/lib/python3.8/site-packages'
[5.806s] Level 1:colcon.colcon_core.shell:create_environment_hook('my_py_pkg', 'pythonpath')
[5.868s] INFO:colcon.colcon_core.shell:Creating environment hook '/home/tvesala/src/ros2/demo1/install/my_py_pkg/share/my_py_pkg/hook/pythonpath.ps1'
[5.869s] INFO:colcon.colcon_core.shell:Creating environment descriptor '/home/tvesala/src/ros2/demo1/install/my_py_pkg/share/my_py_pkg/hook/pythonpath.dsv'
[5.869s] INFO:colcon.colcon_core.shell:Creating environment hook '/home/tvesala/src/ros2/demo1/install/my_py_pkg/share/my_py_pkg/hook/pythonpath.sh'
[5.869s] Level 1:colcon.colcon_core.environment:checking '/home/tvesala/src/ros2/demo1/install/my_py_pkg/bin'
[5.869s] Level 1:colcon.colcon_core.environment:create_environment_scripts_only(my_py_pkg)
[5.931s] INFO:colcon.colcon_core.shell:Creating package script '/home/tvesala/src/ros2/demo1/install/my_py_pkg/share/my_py_pkg/package.ps1'
[5.932s] INFO:colcon.colcon_core.shell:Creating package descriptor '/home/tvesala/src/ros2/demo1/install/my_py_pkg/share/my_py_pkg/package.dsv'
[5.932s] INFO:colcon.colcon_core.shell:Creating package script '/home/tvesala/src/ros2/demo1/install/my_py_pkg/share/my_py_pkg/package.sh'
[5.933s] INFO:colcon.colcon_core.shell:Creating package script '/home/tvesala/src/ros2/demo1/install/my_py_pkg/share/my_py_pkg/package.bash'
[5.933s] INFO:colcon.colcon_core.shell:Creating package script '/home/tvesala/src/ros2/demo1/install/my_py_pkg/share/my_py_pkg/package.zsh'
[5.934s] Level 1:colcon.colcon_core.environment:create_file_with_runtime_dependencies(/home/tvesala/src/ros2/demo1/install/my_py_pkg/share/colcon-core/packages/my_py_pkg)
[7.241s] DEBUG:colcon.colcon_core.event_handler.log_command:Invoked command in '/home/tvesala/src/ros2/demo1/build/my_cpp_pkg' returned '0': CMAKE_PREFIX_PATH=/opt/ros/galactic COMP_WORDBREAKS=
"'><=;|&( WSLENV=ELECTRON_RUN_AS_NODE/w: /usr/bin/cmake /home/tvesala/src/ros2/demo1/my_cpp_pkg -DCMAKE_INSTALL_PREFIX=/home/tvesala/src/ros2/demo1/install/my_cpp_pkg
[7.242s] DEBUG:colcon.colcon_core.event_handler.log_command:Invoking command in '/home/tvesala/src/ros2/demo1/build/my_cpp_pkg': CMAKE_PREFIX_PATH=/opt/ros/galactic COMP_WORDBREAKS=
"'><=;|&( WSLENV=ELECTRON_RUN_AS_NODE/w: /usr/bin/cmake --build /home/tvesala/src/ros2/demo1/build/my_cpp_pkg -- -j16 -l16
[7.263s] DEBUG:colcon.colcon_core.event_handler.log_command:Invoked command in '/home/tvesala/src/ros2/demo1/build/my_cpp_pkg' returned '0': CMAKE_PREFIX_PATH=/opt/ros/galactic COMP_WORDBREAKS=
"'><=;|&( WSLENV=ELECTRON_RUN_AS_NODE/w: /usr/bin/cmake --build /home/tvesala/src/ros2/demo1/build/my_cpp_pkg -- -j16 -l16
[7.281s] DEBUG:colcon.colcon_core.event_handler.log_command:Invoking command in '/home/tvesala/src/ros2/demo1/build/my_cpp_pkg': CMAKE_PREFIX_PATH=/opt/ros/galactic COMP_WORDBREAKS=
"'><=;|&( WSLENV=ELECTRON_RUN_AS_NODE/w: /usr/bin/cmake --install /home/tvesala/src/ros2/demo1/build/my_cpp_pkg
[7.288s] Level 1:colcon.colcon_core.environment:create_environment_scripts_only(my_cpp_pkg)
[7.288s] DEBUG:colcon.colcon_core.event_handler.log_command:Invoked command in '/home/tvesala/src/ros2/demo1/build/my_cpp_pkg' returned '0': CMAKE_PREFIX_PATH=/opt/ros/galactic COMP_WORDBREAKS=
"'><=;|&( WSLENV=ELECTRON_RUN_AS_NODE/w: /usr/bin/cmake --install /home/tvesala/src/ros2/demo1/build/my_cpp_pkg
[7.350s] Level 1:colcon.colcon_core.environment:checking '/home/tvesala/src/ros2/demo1/install/my_cpp_pkg' for CMake module files
[7.350s] Level 1:colcon.colcon_core.environment:checking '/home/tvesala/src/ros2/demo1/install/my_cpp_pkg' for CMake config files
[7.350s] Level 1:colcon.colcon_core.shell:create_environment_hook('my_cpp_pkg', 'cmake_prefix_path')
[7.412s] INFO:colcon.colcon_core.shell:Creating environment hook '/home/tvesala/src/ros2/demo1/install/my_cpp_pkg/share/my_cpp_pkg/hook/cmake_prefix_path.ps1'
[7.413s] INFO:colcon.colcon_core.shell:Creating environment descriptor '/home/tvesala/src/ros2/demo1/install/my_cpp_pkg/share/my_cpp_pkg/hook/cmake_prefix_path.dsv'
[7.413s] INFO:colcon.colcon_core.shell:Creating environment hook '/home/tvesala/src/ros2/demo1/install/my_cpp_pkg/share/my_cpp_pkg/hook/cmake_prefix_path.sh'
[7.414s] Level 1:colcon.colcon_core.environment:checking '/home/tvesala/src/ros2/demo1/install/my_cpp_pkg/bin'
[7.414s] Level 1:colcon.colcon_core.environment:checking '/home/tvesala/src/ros2/demo1/install/my_cpp_pkg/lib/pkgconfig/my_cpp_pkg.pc'
[7.414s] Level 1:colcon.colcon_core.environment:checking '/home/tvesala/src/ros2/demo1/install/my_cpp_pkg/lib/python3.8/site-packages'
[7.414s] Level 1:colcon.colcon_core.environment:checking '/home/tvesala/src/ros2/demo1/install/my_cpp_pkg/bin'
[7.475s] INFO:colcon.colcon_core.shell:Creating package script '/home/tvesala/src/ros2/demo1/install/my_cpp_pkg/share/my_cpp_pkg/package.ps1'
[7.476s] INFO:colcon.colcon_core.shell:Creating package descriptor '/home/tvesala/src/ros2/demo1/install/my_cpp_pkg/share/my_cpp_pkg/package.dsv'
[7.476s] INFO:colcon.colcon_core.shell:Creating package script '/home/tvesala/src/ros2/demo1/install/my_cpp_pkg/share/my_cpp_pkg/package.sh'
[7.476s] INFO:colcon.colcon_core.shell:Creating package script '/home/tvesala/src/ros2/demo1/install/my_cpp_pkg/share/my_cpp_pkg/package.bash'
[7.476s] INFO:colcon.colcon_core.shell:Creating package script '/home/tvesala/src/ros2/demo1/install/my_cpp_pkg/share/my_cpp_pkg/package.zsh'
[7.477s] Level 1:colcon.colcon_core.environment:create_file_with_runtime_dependencies(/home/tvesala/src/ros2/demo1/install/my_cpp_pkg/share/colcon-core/packages/my_cpp_pkg)
[7.553s] Level 1:colcon.colcon_core.environment:create_environment_scripts_only(my_cpp_pkg)
[7.616s] Level 1:colcon.colcon_core.environment:checking '/home/tvesala/src/ros2/demo1/install/my_cpp_pkg' for CMake module files
[7.616s] Level 1:colcon.colcon_core.environment:checking '/home/tvesala/src/ros2/demo1/install/my_cpp_pkg' for CMake config files
[7.617s] Level 1:colcon.colcon_core.shell:create_environment_hook('my_cpp_pkg', 'cmake_prefix_path')
[7.678s] INFO:colcon.colcon_core.shell:Creating environment hook '/home/tvesala/src/ros2/demo1/install/my_cpp_pkg/share/my_cpp_pkg/hook/cmake_prefix_path.ps1'
[7.678s] INFO:colcon.colcon_core.shell:Creating environment descriptor '/home/tvesala/src/ros2/demo1/install/my_cpp_pkg/share/my_cpp_pkg/hook/cmake_prefix_path.dsv'
[7.678s] INFO:colcon.colcon_core.shell:Creating environment hook '/home/tvesala/src/ros2/demo1/install/my_cpp_pkg/share/my_cpp_pkg/hook/cmake_prefix_path.sh'
[7.679s] Level 1:colcon.colcon_core.environment:checking '/home/tvesala/src/ros2/demo1/install/my_cpp_pkg/bin'
[7.679s] Level 1:colcon.colcon_core.environment:checking '/home/tvesala/src/ros2/demo1/install/my_cpp_pkg/lib/pkgconfig/my_cpp_pkg.pc'
[7.679s] Level 1:colcon.colcon_core.environment:checking '/home/tvesala/src/ros2/demo1/install/my_cpp_pkg/lib/python3.8/site-packages'
[7.679s] Level 1:colcon.colcon_core.environment:checking '/home/tvesala/src/ros2/demo1/install/my_cpp_pkg/bin'
[7.740s] INFO:colcon.colcon_core.shell:Creating package script '/home/tvesala/src/ros2/demo1/install/my_cpp_pkg/share/my_cpp_pkg/package.ps1'
[7.741s] INFO:colcon.colcon_core.shell:Creating package descriptor '/home/tvesala/src/ros2/demo1/install/my_cpp_pkg/share/my_cpp_pkg/package.dsv'
[7.741s] INFO:colcon.colcon_core.shell:Creating package script '/home/tvesala/src/ros2/demo1/install/my_cpp_pkg/share/my_cpp_pkg/package.sh'
[7.741s] INFO:colcon.colcon_core.shell:Creating package script '/home/tvesala/src/ros2/demo1/install/my_cpp_pkg/share/my_cpp_pkg/package.bash'
[7.742s] INFO:colcon.colcon_core.shell:Creating package script '/home/tvesala/src/ros2/demo1/install/my_cpp_pkg/share/my_cpp_pkg/package.zsh'
[7.742s] Level 1:colcon.colcon_core.environment:create_file_with_runtime_dependencies(/home/tvesala/src/ros2/demo1/install/my_cpp_pkg/share/colcon-core/packages/my_cpp_pkg)
[7.742s] DEBUG:colcon.colcon_parallel_executor.executor.parallel:closing loop
[7.743s] DEBUG:colcon.colcon_parallel_executor.executor.parallel:loop closed
[7.743s] DEBUG:colcon.colcon_parallel_executor.executor.parallel:run_until_complete finished with '0'
[7.743s] DEBUG:colcon.colcon_core.event_reactor:joining thread
[7.822s] INFO:colcon.colcon_core.plugin_system:Skipping extension 'colcon_notification.desktop_notification.notify_send': Could not find 'notify-send'
[7.822s] INFO:colcon.colcon_core.plugin_system:Skipping extension 'colcon_notification.desktop_notification.terminal_notifier': Not used on non-Darwin systems
[7.822s] INFO:colcon.colcon_core.plugin_system:Skipping extension 'colcon_notification.desktop_notification.win32': Not used on non-Windows systems
[7.822s] INFO:colcon.colcon_notification.desktop_notification:Sending desktop notification using 'notify2'
[7.825s] DEBUG:colcon.colcon_notification.desktop_notification.notify2:Failed to initialize notify2: org.freedesktop.DBus.Error.ServiceUnknown: The name org.freedesktop.Notifications was not provided by any .service files
[7.826s] DEBUG:colcon.colcon_core.event_reactor:joined thread
[7.887s] INFO:colcon.colcon_core.shell:Creating prefix script '/home/tvesala/src/ros2/demo1/install/local_setup.ps1'
[7.888s] INFO:colcon.colcon_core.shell:Creating prefix util module '/home/tvesala/src/ros2/demo1/install/_local_setup_util_ps1.py'
[7.889s] INFO:colcon.colcon_core.shell:Creating prefix chain script '/home/tvesala/src/ros2/demo1/install/setup.ps1'
[7.949s] INFO:colcon.colcon_core.shell:Creating prefix script '/home/tvesala/src/ros2/demo1/install/local_setup.sh'
[7.950s] INFO:colcon.colcon_core.shell:Creating prefix util module '/home/tvesala/src/ros2/demo1/install/_local_setup_util_sh.py'
[7.950s] INFO:colcon.colcon_core.shell:Creating prefix chain script '/home/tvesala/src/ros2/demo1/install/setup.sh'
[8.011s] INFO:colcon.colcon_core.shell:Creating prefix script '/home/tvesala/src/ros2/demo1/install/local_setup.bash'
[8.012s] INFO:colcon.colcon_core.shell:Creating prefix chain script '/home/tvesala/src/ros2/demo1/install/setup.bash'
[8.073s] INFO:colcon.colcon_core.shell:Creating prefix script '/home/tvesala/src/ros2/demo1/install/local_setup.zsh'
[8.073s] INFO:colcon.colcon_core.shell:Creating prefix chain script '/home/tvesala/src/ros2/demo1/install/setup.zsh'
