[0.269s] Invoking command in '/home/tvesala/src/ros2/demo1/build/my_cpp_pkg': CMAKE_PREFIX_PATH=${CMAKE_PREFIX_PATH}:/home/tvesala/src/ros2/demo1/install/my_py_pkg:/opt/ros/galactic COMP_WORDBREAKS=
"'><=;|&( WSLENV=ELECTRON_RUN_AS_NODE/w: /usr/bin/cmake --build /home/tvesala/src/ros2/demo1/build/my_cpp_pkg -- -j16 -l16
[0.417s] Invoked command in '/home/tvesala/src/ros2/demo1/build/my_cpp_pkg' returned '0': CMAKE_PREFIX_PATH=${CMAKE_PREFIX_PATH}:/home/tvesala/src/ros2/demo1/install/my_py_pkg:/opt/ros/galactic COMP_WORDBREAKS=
"'><=;|&( WSLENV=ELECTRON_RUN_AS_NODE/w: /usr/bin/cmake --build /home/tvesala/src/ros2/demo1/build/my_cpp_pkg -- -j16 -l16
[0.439s] Invoking command in '/home/tvesala/src/ros2/demo1/build/my_cpp_pkg': CMAKE_PREFIX_PATH=${CMAKE_PREFIX_PATH}:/home/tvesala/src/ros2/demo1/install/my_py_pkg:/opt/ros/galactic COMP_WORDBREAKS=
"'><=;|&( WSLENV=ELECTRON_RUN_AS_NODE/w: /usr/bin/cmake --install /home/tvesala/src/ros2/demo1/build/my_cpp_pkg
[0.445s] -- Install configuration: ""
[0.445s] -- Up-to-date: /home/tvesala/src/ros2/demo1/install/my_cpp_pkg/share/ament_index/resource_index/package_run_dependencies/my_cpp_pkg
[0.445s] -- Up-to-date: /home/tvesala/src/ros2/demo1/install/my_cpp_pkg/share/ament_index/resource_index/parent_prefix_path/my_cpp_pkg
[0.445s] -- Up-to-date: /home/tvesala/src/ros2/demo1/install/my_cpp_pkg/share/my_cpp_pkg/environment/ament_prefix_path.sh
[0.445s] -- Up-to-date: /home/tvesala/src/ros2/demo1/install/my_cpp_pkg/share/my_cpp_pkg/environment/ament_prefix_path.dsv
[0.445s] -- Up-to-date: /home/tvesala/src/ros2/demo1/install/my_cpp_pkg/share/my_cpp_pkg/environment/path.sh
[0.445s] -- Up-to-date: /home/tvesala/src/ros2/demo1/install/my_cpp_pkg/share/my_cpp_pkg/environment/path.dsv
[0.445s] -- Up-to-date: /home/tvesala/src/ros2/demo1/install/my_cpp_pkg/share/my_cpp_pkg/local_setup.bash
[0.446s] -- Up-to-date: /home/tvesala/src/ros2/demo1/install/my_cpp_pkg/share/my_cpp_pkg/local_setup.sh
[0.446s] -- Up-to-date: /home/tvesala/src/ros2/demo1/install/my_cpp_pkg/share/my_cpp_pkg/local_setup.zsh
[0.446s] -- Up-to-date: /home/tvesala/src/ros2/demo1/install/my_cpp_pkg/share/my_cpp_pkg/local_setup.dsv
[0.446s] -- Up-to-date: /home/tvesala/src/ros2/demo1/install/my_cpp_pkg/share/my_cpp_pkg/package.dsv
[0.446s] -- Up-to-date: /home/tvesala/src/ros2/demo1/install/my_cpp_pkg/share/ament_index/resource_index/packages/my_cpp_pkg
[0.446s] -- Up-to-date: /home/tvesala/src/ros2/demo1/install/my_cpp_pkg/share/my_cpp_pkg/cmake/my_cpp_pkgConfig.cmake
[0.446s] -- Up-to-date: /home/tvesala/src/ros2/demo1/install/my_cpp_pkg/share/my_cpp_pkg/cmake/my_cpp_pkgConfig-version.cmake
[0.446s] -- Up-to-date: /home/tvesala/src/ros2/demo1/install/my_cpp_pkg/share/my_cpp_pkg/package.xml
[0.447s] Invoked command in '/home/tvesala/src/ros2/demo1/build/my_cpp_pkg' returned '0': CMAKE_PREFIX_PATH=${CMAKE_PREFIX_PATH}:/home/tvesala/src/ros2/demo1/install/my_py_pkg:/opt/ros/galactic COMP_WORDBREAKS=
"'><=;|&( WSLENV=ELECTRON_RUN_AS_NODE/w: /usr/bin/cmake --install /home/tvesala/src/ros2/demo1/build/my_cpp_pkg
