[0.564s] Invoking command in '/home/tvesala/src/ros2/demo1/build/my_cpp_pkg': CMAKE_PREFIX_PATH=/opt/ros/galactic COMP_WORDBREAKS=
"'><=;|&( WSLENV=ELECTRON_RUN_AS_NODE/w: /usr/bin/cmake /home/tvesala/src/ros2/demo1/my_cpp_pkg -DCMAKE_INSTALL_PREFIX=/home/tvesala/src/ros2/demo1/install/my_cpp_pkg
[0.570s] -- Found ament_cmake: 1.1.6 (/opt/ros/galactic/share/ament_cmake/cmake)
[0.581s] -- Using PYTHON_EXECUTABLE: /home/tvesala/rospython/bin/python3
[0.617s] -- Found rclcpp: 9.2.2 (/opt/ros/galactic/share/rclcpp/cmake)
[0.711s] -- Using all available rosidl_typesupport_c: rosidl_typesupport_fastrtps_c;rosidl_typesupport_introspection_c
[0.713s] -- Found rosidl_adapter: 2.2.3 (/opt/ros/galactic/share/rosidl_adapter/cmake)
[2.722s] -- Using all available rosidl_typesupport_cpp: rosidl_typesupport_fastrtps_cpp;rosidl_typesupport_introspection_cpp
[2.755s] -- Found rmw_implementation_cmake: 3.3.1 (/opt/ros/galactic/share/rmw_implementation_cmake/cmake)
[2.756s] -- Found rmw_cyclonedds_cpp: 0.22.6 (/opt/ros/galactic/share/rmw_cyclonedds_cpp/cmake)
[2.767s] -- Using RMW implementation 'rmw_cyclonedds_cpp' as default
[2.858s] -- Found ament_lint_auto: 0.10.7 (/opt/ros/galactic/share/ament_lint_auto/cmake)
[2.871s] Traceback (most recent call last):
[2.871s]   File "/opt/ros/galactic/share/ament_cmake_core/cmake/core/package_xml_2_cmake.py", line 22, in <module>
[2.871s]     from catkin_pkg.package import evaluate_condition
[2.871s] ModuleNotFoundError: No module named 'catkin_pkg'
[2.872s] CMake Error at /opt/ros/galactic/share/ament_cmake_core/cmake/core/ament_package_xml.cmake:94 (message):
[2.872s]   execute_process(/home/tvesala/rospython/bin/python3
[2.872s]   /opt/ros/galactic/share/ament_cmake_core/cmake/core/package_xml_2_cmake.py
[2.872s]   /home/tvesala/src/ros2/demo1/my_cpp_pkg/package.xml
[2.872s]   /home/tvesala/src/ros2/demo1/build/my_cpp_pkg/ament_cmake_core/package.cmake)
[2.872s]   returned error code 1
[2.872s] Call Stack (most recent call first):
[2.872s]   /opt/ros/galactic/share/ament_cmake_core/cmake/core/ament_package_xml.cmake:49 (_ament_package_xml)
[2.872s]   /opt/ros/galactic/share/ament_lint_auto/cmake/ament_lint_auto_find_test_dependencies.cmake:31 (ament_package_xml)
[2.872s]   CMakeLists.txt:20 (ament_lint_auto_find_test_dependencies)
[2.873s] 
[2.873s] 
[2.873s] -- Configuring incomplete, errors occurred!
[2.873s] See also "/home/tvesala/src/ros2/demo1/build/my_cpp_pkg/CMakeFiles/CMakeOutput.log".
[2.873s] See also "/home/tvesala/src/ros2/demo1/build/my_cpp_pkg/CMakeFiles/CMakeError.log".
[2.880s] Invoked command in '/home/tvesala/src/ros2/demo1/build/my_cpp_pkg' returned '1': CMAKE_PREFIX_PATH=/opt/ros/galactic COMP_WORDBREAKS=
"'><=;|&( WSLENV=ELECTRON_RUN_AS_NODE/w: /usr/bin/cmake /home/tvesala/src/ros2/demo1/my_cpp_pkg -DCMAKE_INSTALL_PREFIX=/home/tvesala/src/ros2/demo1/install/my_cpp_pkg
